---- Протокол ----- 30.11.2025 11:06:19 ----
---- Входные параметры: ----
-in: hello.in
-out: hello.in.out
-log: hello.in.log
---- Исходные данные: ----
Количество символов: 43
Проигнорировано: 0
Количество строк: 6
---- Таблица лексем ----
Idx   Lex     IdxTI     Line    
----------------------------------
0     m       -         1       
1     {       -         2       
2     d       -         3       
3     t       -         3       
4     i       0         3       
5     ;       -         3       
6     i       0         4       
7     =       -         4       
8     l       1         4       
9     ;       -         4       
10    r       -         5       
11    i       0         5       
12    }       -         6       

---- Таблица идентификаторов ----
Idx   Name    FirstLE   DType     IType       Value             
----------------------------------------------------------------
0     x       4         integer   var         0                 
1     I1      8         integer   param       1                 

Ошибка 602. Ошибка в выражении, строка: 6, символ: 0
---- Протокол ----- 30.11.2025 11:06:27 ----
---- Входные параметры: ----
-in: hello.in
-out: hello.in.out
-log: hello.in.log
---- Исходные данные: ----
Количество символов: 44
Проигнорировано: 0
Количество строк: 6
---- Таблица лексем ----
Idx   Lex     IdxTI     Line    
----------------------------------
0     m       -         1       
1     {       -         2       
2     d       -         3       
3     t       -         3       
4     i       0         3       
5     ;       -         3       
6     i       0         4       
7     =       -         4       
8     l       1         4       
9     ;       -         4       
10    r       -         5       
11    i       0         5       
12    }       -         6       
13    ;       -         6       

---- Таблица идентификаторов ----
Idx   Name    FirstLE   DType     IType       Value             
----------------------------------------------------------------
0     x       4         integer   var         0                 
1     I1      8         integer   param       1                 

Ошибка 602. Ошибка в выражении, строка: 6, символ: 0
---- Протокол ----- 30.11.2025 11:06:33 ----
---- Входные параметры: ----
-in: hello.in
-out: hello.in.out
-log: hello.in.log
---- Исходные данные: ----
Количество символов: 45
Проигнорировано: 0
Количество строк: 6
---- Таблица лексем ----
Idx   Lex     IdxTI     Line    
----------------------------------
0     m       -         1       
1     {       -         2       
2     d       -         3       
3     t       -         3       
4     i       0         3       
5     ;       -         3       
6     i       0         4       
7     =       -         4       
8     l       1         4       
9     ;       -         4       
10    r       -         5       
11    i       0         5       
12    ;       -         5       
13    }       -         6       
14    ;       -         6       

---- Таблица идентификаторов ----
Idx   Name    FirstLE   DType     IType       Value             
----------------------------------------------------------------
0     x       4         integer   var         0                 
1     I1      8         integer   param       1                 

---- Протокол ----- 30.11.2025 11:07:09 ----
---- Входные параметры: ----
-in: hello.in
-out: hello.in.out
-log: hello.in.log
---- Исходные данные: ----
Количество символов: 45
Проигнорировано: 0
Количество строк: 6
---- Таблица лексем ----
Idx   Lex     IdxTI     Line    
----------------------------------
0     m       -         1       
1     {       -         2       
2     d       -         3       
3     t       -         3       
4     i       0         3       
5     ;       -         3       
6     i       0         4       
7     =       -         4       
8     l       1         4       
9     ;       -         4       
10    r       -         5       
11    i       0         5       
12    ;       -         5       
13    }       -         6       
14    ;       -         6       

---- Таблица идентификаторов ----
Idx   Name    FirstLE   DType     IType       Value             
----------------------------------------------------------------
0     x       4         integer   var         0                 
1     I1      8         integer   param       1                 

---- Протокол ----- 30.11.2025 11:08:25 ----
---- Входные параметры: ----
-in: hello.in
-out: hello.in.out
-log: hello.in.log
Ошибка 111. Недопустимый символ в исходном коде, строка: 9, символ: 16
---- Протокол ----- 30.11.2025 11:08:39 ----
---- Входные параметры: ----
-in: hello.in
-out: hello.in.out
-log: hello.in.log
---- Исходные данные: ----
Количество символов: 589
Проигнорировано: 0
Количество строк: 36
---- Таблица лексем ----
Idx   Lex     IdxTI     Line    
----------------------------------
0     t       -         1       
1     f       -         1       
2     i       0         1       
3     (       -         1       
4     t       -         1       
5     i       1         1       
6     ,       -         1       
7     t       -         1       
8     i       2         1       
9     )       -         1       
10    {       -         2       
11    d       -         3       
12    t       -         3       
13    i       3         3       
14    ;       -         3       
15    i       3         4       
16    =       -         4       
17    i       1         4       
18    *       -         4       
19    (       -         4       
20    i       1         4       
21    +       -         4       
22    i       2         4       
23    )       -         4       
24    ;       -         4       
25    r       -         5       
26    i       3         5       
27    ;       -         5       
28    }       -         6       
29    ;       -         6       
30    t       -         7       
31    f       -         7       
32    i       4         7       
33    (       -         7       
34    t       -         7       
35    i       5         7       
36    ,       -         7       
37    t       -         7       
38    i       6         7       
39    )       -         7       
40    {       -         8       
41    d       -         9       
42    t       -         9       
43    i       7         9       
44    ;       -         9       
45    d       -         10      
46    t       -         10      
47    f       -         10      
48    i       8         10      
49    (       -         10      
50    t       -         10      
51    i       5         10      
52    ,       -         10      
53    t       -         10      
54    i       9         10      
55    ,       -         10      
56    t       -         11      
57    )       -         11      
58    ;       -         11      
59    i       7         12      
60    =       -         12      
61    i       8         12      
62    (       -         12      
63    i       5         12      
64    ,       -         12      
65    l       10        12      
66    ,       -         12      
67    l       11        12      
68    )       -         12      
69    +       -         12      
70    i       6         12      
71    ;       -         12      
72    r       -         13      
73    i       7         13      
74    ;       -         13      
75    }       -         14      
76    ;       -         14      
77    m       -         15      
78    {       -         16      
79    d       -         17      
80    t       -         17      
81    i       1         17      
82    ;       -         17      
83    d       -         18      
84    t       -         18      
85    i       2         18      
86    ;       -         18      
87    d       -         19      
88    t       -         19      
89    i       3         19      
90    ;       -         19      
91    d       -         20      
92    t       -         20      
93    i       12        20      
94    ;       -         20      
95    d       -         21      
96    t       -         21      
97    i       13        21      
98    ;       -         21      
99    d       -         22      
100   t       -         22      
101   i       14        22      
102   ;       -         22      
103   d       -         23      
104   t       -         23      
105   f       -         23      
106   (       -         23      
107   t       -         23      
108   i       9         23      
109   )       -         23      
110   ;       -         23      
111   i       1         24      
112   =       -         24      
113   l       15        24      
114   ;       -         24      
115   i       2         25      
116   =       -         25      
117   l       16        25      
118   ;       -         25      
119   i       12        26      
120   =       -         26      
121   l       17        26      
122   ;       -         26      
123   i       13        27      
124   =       -         27      
125   l       18        27      
126   ;       -         27      
127   i       3         28      
128   =       -         28      
129   i       0         28      
130   (       -         28      
131   i       1         28      
132   ,       -         28      
133   i       2         28      
134   )       -         28      
135   ;       -         28      
136   i       14        29      
137   =       -         29      
138   i       4         29      
139   (       -         29      
140   i       12        29      
141   ,       -         29      
142   i       13        29      
143   )       -         29      
144   ;       -         29      
145   p       -         30      
146   l       19        30      
147   ;       -         30      
148   p       -         31      
149   i       3         31      
150   ;       -         31      
151   l       20        32      
152   i       21        33      

---- Таблица идентификаторов ----
Idx   Name    FirstLE   DType     IType       Value             
----------------------------------------------------------------
0     fi      2         integer   func        0                 
1     x       5         integer   var         0                 
2     y       8         integer   var         0                 
3     z       13        integer   var         0                 
4     fs      32        string    func                          
5     a       35        string    var                           
6     b       38        string    var                           
7     c       43        string    var                           
8     substr  48        string    func                          
9     p       54        integer   var         0                 
10    I10     65        integer   param       1                 
11    I11     67        integer   param       3                 
12    sa      93        string    var                           
13    sb      97        string    var                           
14    sc      101       string    var                           
15    I15     113       integer   param       1                 
16    I16     117       integer   param       5                 
17    L17     121       string    param       1234567890        
18    L18     125       string    param       1234567890        
19    L19     146       string    param       РєРѕРЅС‚СЂРѕР»СЊРЅС‹Р№ РїСЂРёРјРµСЂ
20    I20     151       integer   param       4                 
21    pri     152       string    func                          

Ошибка 604. Ошибка в параметрах вызываемой функции, строка: 11, символ: 0
---- Протокол ----- 30.11.2025 11:08:52 ----
---- Входные параметры: ----
-in: hello.in
-out: hello.in.out
-log: hello.in.log
---- Исходные данные: ----
Количество символов: 589
Проигнорировано: 0
Количество строк: 35
---- Таблица лексем ----
Idx   Lex     IdxTI     Line    
----------------------------------
0     t       -         1       
1     f       -         1       
2     i       0         1       
3     (       -         1       
4     t       -         1       
5     i       1         1       
6     ,       -         1       
7     t       -         1       
8     i       2         1       
9     )       -         1       
10    {       -         2       
11    d       -         3       
12    t       -         3       
13    i       3         3       
14    ;       -         3       
15    i       3         4       
16    =       -         4       
17    i       1         4       
18    *       -         4       
19    (       -         4       
20    i       1         4       
21    +       -         4       
22    i       2         4       
23    )       -         4       
24    ;       -         4       
25    r       -         5       
26    i       3         5       
27    ;       -         5       
28    }       -         6       
29    ;       -         6       
30    t       -         7       
31    f       -         7       
32    i       4         7       
33    (       -         7       
34    t       -         7       
35    i       5         7       
36    ,       -         7       
37    t       -         7       
38    i       6         7       
39    )       -         7       
40    {       -         8       
41    d       -         9       
42    t       -         9       
43    i       7         9       
44    ;       -         9       
45    d       -         10      
46    t       -         10      
47    f       -         10      
48    i       8         10      
49    (       -         10      
50    t       -         10      
51    i       5         10      
52    ,       -         10      
53    t       -         10      
54    i       9         10      
55    ,       -         10      
56    t       -         10      
57    )       -         10      
58    ;       -         10      
59    i       7         11      
60    =       -         11      
61    i       8         11      
62    (       -         11      
63    i       5         11      
64    ,       -         11      
65    l       10        11      
66    ,       -         11      
67    l       11        11      
68    )       -         11      
69    +       -         11      
70    i       6         11      
71    ;       -         11      
72    r       -         12      
73    i       7         12      
74    ;       -         12      
75    }       -         13      
76    ;       -         13      
77    m       -         14      
78    {       -         15      
79    d       -         16      
80    t       -         16      
81    i       1         16      
82    ;       -         16      
83    d       -         17      
84    t       -         17      
85    i       2         17      
86    ;       -         17      
87    d       -         18      
88    t       -         18      
89    i       3         18      
90    ;       -         18      
91    d       -         19      
92    t       -         19      
93    i       12        19      
94    ;       -         19      
95    d       -         20      
96    t       -         20      
97    i       13        20      
98    ;       -         20      
99    d       -         21      
100   t       -         21      
101   i       14        21      
102   ;       -         21      
103   d       -         22      
104   t       -         22      
105   f       -         22      
106   (       -         22      
107   t       -         22      
108   i       9         22      
109   )       -         22      
110   ;       -         22      
111   i       1         23      
112   =       -         23      
113   l       15        23      
114   ;       -         23      
115   i       2         24      
116   =       -         24      
117   l       16        24      
118   ;       -         24      
119   i       12        25      
120   =       -         25      
121   l       17        25      
122   ;       -         25      
123   i       13        26      
124   =       -         26      
125   l       18        26      
126   ;       -         26      
127   i       3         27      
128   =       -         27      
129   i       0         27      
130   (       -         27      
131   i       1         27      
132   ,       -         27      
133   i       2         27      
134   )       -         27      
135   ;       -         27      
136   i       14        28      
137   =       -         28      
138   i       4         28      
139   (       -         28      
140   i       12        28      
141   ,       -         28      
142   i       13        28      
143   )       -         28      
144   ;       -         28      
145   p       -         29      
146   l       19        29      
147   ;       -         29      
148   p       -         30      
149   i       3         30      
150   ;       -         30      
151   l       20        31      
152   i       21        32      

---- Таблица идентификаторов ----
Idx   Name    FirstLE   DType     IType       Value             
----------------------------------------------------------------
0     fi      2         integer   func        0                 
1     x       5         integer   var         0                 
2     y       8         integer   var         0                 
3     z       13        integer   var         0                 
4     fs      32        string    func                          
5     a       35        string    var                           
6     b       38        string    var                           
7     c       43        string    var                           
8     substr  48        string    func                          
9     p       54        integer   var         0                 
10    I10     65        integer   param       1                 
11    I11     67        integer   param       3                 
12    sa      93        string    var                           
13    sb      97        string    var                           
14    sc      101       string    var                           
15    I15     113       integer   param       1                 
16    I16     117       integer   param       5                 
17    L17     121       string    param       1234567890        
18    L18     125       string    param       1234567890        
19    L19     146       string    param       РєРѕРЅС‚СЂРѕР»СЊРЅС‹Р№ РїСЂРёРјРµСЂ
20    I20     151       integer   param       4                 
21    pri     152       string    func                          

Ошибка 604. Ошибка в параметрах вызываемой функции, строка: 10, символ: 0
