Шаг: Правило      Входная лента     Стек           
0   : S->tfi(F){NrE;};S   tfi(ti,ti){dti;i=i*(i+i);     $S                  
0   : SAVESTATE:          1
0   :                     tfi(ti,ti){dti;i=i*(i+i);     $S;};ErN{)F(ift     
1   :                     fi(ti,ti){dti;i=i*(i+i);r     $S;};ErN{)F(if      
2   :                     i(ti,ti){dti;i=i*(i+i);ri     $S;};ErN{)F(i       
3   :                     (ti,ti){dti;i=i*(i+i);ri;     $S;};ErN{)F(        
4   :                     ti,ti){dti;i=i*(i+i);ri;}     $S;};ErN{)F         
5   : F->ti,F             ti,ti){dti;i=i*(i+i);ri;}     $S;};ErN{)F         
5   : SAVESTATE:          2
5   :                     ti,ti){dti;i=i*(i+i);ri;}     $S;};ErN{)F,it      
6   :                     i,ti){dti;i=i*(i+i);ri;};     $S;};ErN{)F,i       
7   :                     ,ti){dti;i=i*(i+i);ri;};t     $S;};ErN{)F,        
8   :                     ti){dti;i=i*(i+i);ri;};tf     $S;};ErN{)F         
9   : F->ti,F             ti){dti;i=i*(i+i);ri;};tf     $S;};ErN{)F         
9   : SAVESTATE:          3
9   :                     ti){dti;i=i*(i+i);ri;};tf     $S;};ErN{)F,it      
10  :                     i){dti;i=i*(i+i);ri;};tfi     $S;};ErN{)F,i       
11  :                     ){dti;i=i*(i+i);ri;};tfi(     $S;};ErN{)F,        
12  : TS_NOK/NS_NORULECHAIN
12  : RESSTATE            
12  :                     ti){dti;i=i*(i+i);ri;};tf     $S;};ErN{)F         
13  : F->ti               ti){dti;i=i*(i+i);ri;};tf     $S;};ErN{)F         
13  : SAVESTATE:          3
13  :                     ti){dti;i=i*(i+i);ri;};tf     $S;};ErN{)it        
14  :                     i){dti;i=i*(i+i);ri;};tfi     $S;};ErN{)i         
15  :                     ){dti;i=i*(i+i);ri;};tfi(     $S;};ErN{)          
16  :                     {dti;i=i*(i+i);ri;};tfi(t     $S;};ErN{           
17  :                     dti;i=i*(i+i);ri;};tfi(ti     $S;};ErN            
18  : N->dti;             dti;i=i*(i+i);ri;};tfi(ti     $S;};ErN            
18  : SAVESTATE:          4
18  :                     dti;i=i*(i+i);ri;};tfi(ti     $S;};Er;itd         
19  :                     ti;i=i*(i+i);ri;};tfi(ti,     $S;};Er;it          
20  :                     i;i=i*(i+i);ri;};tfi(ti,t     $S;};Er;i           
21  :                     ;i=i*(i+i);ri;};tfi(ti,ti     $S;};Er;            
22  :                     i=i*(i+i);ri;};tfi(ti,ti)     $S;};Er             
23  : TS_NOK/NS_NORULECHAIN
23  : RESSTATE            
23  :                     dti;i=i*(i+i);ri;};tfi(ti     $S;};ErN            
24  : N->dtfi(F);         dti;i=i*(i+i);ri;};tfi(ti     $S;};ErN            
24  : SAVESTATE:          4
24  :                     dti;i=i*(i+i);ri;};tfi(ti     $S;};Er;)F(iftd     
25  :                     ti;i=i*(i+i);ri;};tfi(ti,     $S;};Er;)F(ift      
26  :                     i;i=i*(i+i);ri;};tfi(ti,t     $S;};Er;)F(if       
27  : TS_NOK/NS_NORULECHAIN
27  : RESSTATE            
27  :                     dti;i=i*(i+i);ri;};tfi(ti     $S;};ErN            
28  : N->dti;N            dti;i=i*(i+i);ri;};tfi(ti     $S;};ErN            
28  : SAVESTATE:          4
28  :                     dti;i=i*(i+i);ri;};tfi(ti     $S;};ErN;itd        
29  :                     ti;i=i*(i+i);ri;};tfi(ti,     $S;};ErN;it         
30  :                     i;i=i*(i+i);ri;};tfi(ti,t     $S;};ErN;i          
31  :                     ;i=i*(i+i);ri;};tfi(ti,ti     $S;};ErN;           
32  :                     i=i*(i+i);ri;};tfi(ti,ti)     $S;};ErN            
33  : N->i=E;             i=i*(i+i);ri;};tfi(ti,ti)     $S;};ErN            
33  : SAVESTATE:          5
33  :                     i=i*(i+i);ri;};tfi(ti,ti)     $S;};Er;E=i         
34  :                     =i*(i+i);ri;};tfi(ti,ti){     $S;};Er;E=          
35  :                     i*(i+i);ri;};tfi(ti,ti){d     $S;};Er;E           
36  : E->i                i*(i+i);ri;};tfi(ti,ti){d     $S;};Er;E           
36  : SAVESTATE:          6
36  :                     i*(i+i);ri;};tfi(ti,ti){d     $S;};Er;i           
37  :                     *(i+i);ri;};tfi(ti,ti){dt     $S;};Er;            
38  : TS_NOK/NS_NORULECHAIN
38  : RESSTATE            
38  :                     i*(i+i);ri;};tfi(ti,ti){d     $S;};Er;E           
39  : E->iM               i*(i+i);ri;};tfi(ti,ti){d     $S;};Er;E           
39  : SAVESTATE:          6
39  :                     i*(i+i);ri;};tfi(ti,ti){d     $S;};Er;Mi          
40  :                     *(i+i);ri;};tfi(ti,ti){dt     $S;};Er;M           
41  : M->*E               *(i+i);ri;};tfi(ti,ti){dt     $S;};Er;M           
41  : SAVESTATE:          7
41  :                     *(i+i);ri;};tfi(ti,ti){dt     $S;};Er;E*          
42  :                     (i+i);ri;};tfi(ti,ti){dti     $S;};Er;E           
43  : E->(E)              (i+i);ri;};tfi(ti,ti){dti     $S;};Er;E           
43  : SAVESTATE:          8
43  :                     (i+i);ri;};tfi(ti,ti){dti     $S;};Er;)E(         
44  :                     i+i);ri;};tfi(ti,ti){dti;     $S;};Er;)E          
45  : E->i                i+i);ri;};tfi(ti,ti){dti;     $S;};Er;)E          
45  : SAVESTATE:          9
45  :                     i+i);ri;};tfi(ti,ti){dti;     $S;};Er;)i          
46  :                     +i);ri;};tfi(ti,ti){dti;d     $S;};Er;)           
47  : TS_NOK/NS_NORULECHAIN
47  : RESSTATE            
47  :                     i+i);ri;};tfi(ti,ti){dti;     $S;};Er;)E          
48  : E->iM               i+i);ri;};tfi(ti,ti){dti;     $S;};Er;)E          
48  : SAVESTATE:          9
48  :                     i+i);ri;};tfi(ti,ti){dti;     $S;};Er;)Mi         
49  :                     +i);ri;};tfi(ti,ti){dti;d     $S;};Er;)M          
50  : M->+E               +i);ri;};tfi(ti,ti){dti;d     $S;};Er;)M          
50  : SAVESTATE:          10
50  :                     +i);ri;};tfi(ti,ti){dti;d     $S;};Er;)E+         
51  :                     i);ri;};tfi(ti,ti){dti;dt     $S;};Er;)E          
52  : E->i                i);ri;};tfi(ti,ti){dti;dt     $S;};Er;)E          
52  : SAVESTATE:          11
52  :                     i);ri;};tfi(ti,ti){dti;dt     $S;};Er;)i          
53  :                     );ri;};tfi(ti,ti){dti;dt(     $S;};Er;)           
54  :                     ;ri;};tfi(ti,ti){dti;dt(t     $S;};Er;            
55  :                     ri;};tfi(ti,ti){dti;dt(ti     $S;};Er             
56  :                     i;};tfi(ti,ti){dti;dt(ti,     $S;};E              
57  : E->i                i;};tfi(ti,ti){dti;dt(ti,     $S;};E              
57  : SAVESTATE:          12
57  :                     i;};tfi(ti,ti){dti;dt(ti,     $S;};i              
58  :                     ;};tfi(ti,ti){dti;dt(ti,t     $S;};               
59  :                     };tfi(ti,ti){dti;dt(ti,ti     $S;}                
60  :                     ;tfi(ti,ti){dti;dt(ti,ti)     $S;                 
61  :                     tfi(ti,ti){dti;dt(ti,ti);     $S                  
62  : S->tfi(F){NrE;};S   tfi(ti,ti){dti;dt(ti,ti);     $S                  
62  : SAVESTATE:          13
62  :                     tfi(ti,ti){dti;dt(ti,ti);     $S;};ErN{)F(ift     
63  :                     fi(ti,ti){dti;dt(ti,ti);(     $S;};ErN{)F(if      
64  :                     i(ti,ti){dti;dt(ti,ti);(i     $S;};ErN{)F(i       
65  :                     (ti,ti){dti;dt(ti,ti);(i,     $S;};ErN{)F(        
66  :                     ti,ti){dti;dt(ti,ti);(i,i     $S;};ErN{)F         
67  : F->ti,F             ti,ti){dti;dt(ti,ti);(i,i     $S;};ErN{)F         
67  : SAVESTATE:          14
67  :                     ti,ti){dti;dt(ti,ti);(i,i     $S;};ErN{)F,it      
68  :                     i,ti){dti;dt(ti,ti);(i,i)     $S;};ErN{)F,i       
69  :                     ,ti){dti;dt(ti,ti);(i,i);     $S;};ErN{)F,        
70  :                     ti){dti;dt(ti,ti);(i,i);r     $S;};ErN{)F         
71  : F->ti,F             ti){dti;dt(ti,ti);(i,i);r     $S;};ErN{)F         
71  : SAVESTATE:          15
71  :                     ti){dti;dt(ti,ti);(i,i);r     $S;};ErN{)F,it      
72  :                     i){dti;dt(ti,ti);(i,i);ri     $S;};ErN{)F,i       
73  :                     ){dti;dt(ti,ti);(i,i);ri;     $S;};ErN{)F,        
74  : TS_NOK/NS_NORULECHAIN
74  : RESSTATE            
74  :                     ti){dti;dt(ti,ti);(i,i);r     $S;};ErN{)F         
75  : F->ti               ti){dti;dt(ti,ti);(i,i);r     $S;};ErN{)F         
75  : SAVESTATE:          15
75  :                     ti){dti;dt(ti,ti);(i,i);r     $S;};ErN{)it        
76  :                     i){dti;dt(ti,ti);(i,i);ri     $S;};ErN{)i         
77  :                     ){dti;dt(ti,ti);(i,i);ri;     $S;};ErN{)          
78  :                     {dti;dt(ti,ti);(i,i);ri;}     $S;};ErN{           
79  :                     dti;dt(ti,ti);(i,i);ri;};     $S;};ErN            
80  : N->dti;             dti;dt(ti,ti);(i,i);ri;};     $S;};ErN            
80  : SAVESTATE:          16
80  :                     dti;dt(ti,ti);(i,i);ri;};     $S;};Er;itd         
81  :                     ti;dt(ti,ti);(i,i);ri;};m     $S;};Er;it          
82  :                     i;dt(ti,ti);(i,i);ri;};m{     $S;};Er;i           
83  :                     ;dt(ti,ti);(i,i);ri;};m{d     $S;};Er;            
84  :                     dt(ti,ti);(i,i);ri;};m{dt     $S;};Er             
85  : TS_NOK/NS_NORULECHAIN
85  : RESSTATE            
85  :                     dti;dt(ti,ti);(i,i);ri;};     $S;};ErN            
86  : N->dtfi(F);         dti;dt(ti,ti);(i,i);ri;};     $S;};ErN            
86  : SAVESTATE:          16
86  :                     dti;dt(ti,ti);(i,i);ri;};     $S;};Er;)F(iftd     
87  :                     ti;dt(ti,ti);(i,i);ri;};m     $S;};Er;)F(ift      
88  :                     i;dt(ti,ti);(i,i);ri;};m{     $S;};Er;)F(if       
89  : TS_NOK/NS_NORULECHAIN
89  : RESSTATE            
89  :                     dti;dt(ti,ti);(i,i);ri;};     $S;};ErN            
90  : N->dti;N            dti;dt(ti,ti);(i,i);ri;};     $S;};ErN            
90  : SAVESTATE:          16
90  :                     dti;dt(ti,ti);(i,i);ri;};     $S;};ErN;itd        
91  :                     ti;dt(ti,ti);(i,i);ri;};m     $S;};ErN;it         
92  :                     i;dt(ti,ti);(i,i);ri;};m{     $S;};ErN;i          
93  :                     ;dt(ti,ti);(i,i);ri;};m{d     $S;};ErN;           
94  :                     dt(ti,ti);(i,i);ri;};m{dt     $S;};ErN            
95  : N->dti;             dt(ti,ti);(i,i);ri;};m{dt     $S;};ErN            
95  : SAVESTATE:          17
95  :                     dt(ti,ti);(i,i);ri;};m{dt     $S;};Er;itd         
96  :                     t(ti,ti);(i,i);ri;};m{dti     $S;};Er;it          
97  :                     (ti,ti);(i,i);ri;};m{dti;     $S;};Er;i           
98  : TS_NOK/NS_NORULECHAIN
98  : RESSTATE            
98  :                     dt(ti,ti);(i,i);ri;};m{dt     $S;};ErN            
99  : N->dtfi(F);         dt(ti,ti);(i,i);ri;};m{dt     $S;};ErN            
99  : SAVESTATE:          17
99  :                     dt(ti,ti);(i,i);ri;};m{dt     $S;};Er;)F(iftd     
100 :                     t(ti,ti);(i,i);ri;};m{dti     $S;};Er;)F(ift      
101 :                     (ti,ti);(i,i);ri;};m{dti;     $S;};Er;)F(if       
102 : TS_NOK/NS_NORULECHAIN
102 : RESSTATE            
102 :                     dt(ti,ti);(i,i);ri;};m{dt     $S;};ErN            
103 : N->dti;N            dt(ti,ti);(i,i);ri;};m{dt     $S;};ErN            
103 : SAVESTATE:          17
103 :                     dt(ti,ti);(i,i);ri;};m{dt     $S;};ErN;itd        
104 :                     t(ti,ti);(i,i);ri;};m{dti     $S;};ErN;it         
105 :                     (ti,ti);(i,i);ri;};m{dti;     $S;};ErN;i          
106 : TS_NOK/NS_NORULECHAIN
106 : RESSTATE            
106 :                     dt(ti,ti);(i,i);ri;};m{dt     $S;};ErN            
107 : N->dtfi(F);N        dt(ti,ti);(i,i);ri;};m{dt     $S;};ErN            
107 : SAVESTATE:          17
107 :                     dt(ti,ti);(i,i);ri;};m{dt     $S;};ErN;)F(iftd    
108 :                     t(ti,ti);(i,i);ri;};m{dti     $S;};ErN;)F(ift     
109 :                     (ti,ti);(i,i);ri;};m{dti;     $S;};ErN;)F(if      
110 : TS_NOK/NS_NORULECHAIN
110 : RESSTATE            
110 :                     dt(ti,ti);(i,i);ri;};m{dt     $S;};ErN            
111 : TNS_NORULECHAIN/NS_NORULE
111 : RESSTATE            
111 :                     dti;dt(ti,ti);(i,i);ri;};     $S;};ErN            
112 : N->dtfi(F);N        dti;dt(ti,ti);(i,i);ri;};     $S;};ErN            
112 : SAVESTATE:          16
112 :                     dti;dt(ti,ti);(i,i);ri;};     $S;};ErN;)F(iftd    
113 :                     ti;dt(ti,ti);(i,i);ri;};m     $S;};ErN;)F(ift     
114 :                     i;dt(ti,ti);(i,i);ri;};m{     $S;};ErN;)F(if      
115 : TS_NOK/NS_NORULECHAIN
115 : RESSTATE            
115 :                     dti;dt(ti,ti);(i,i);ri;};     $S;};ErN            
116 : TNS_NORULECHAIN/NS_NORULE
116 : RESSTATE            
116 :                     ti){dti;dt(ti,ti);(i,i);r     $S;};ErN{)F         
117 : TNS_NORULECHAIN/NS_NORULE
117 : RESSTATE            
117 :                     ti,ti){dti;dt(ti,ti);(i,i     $S;};ErN{)F         
118 : F->ti               ti,ti){dti;dt(ti,ti);(i,i     $S;};ErN{)F         
118 : SAVESTATE:          14
118 :                     ti,ti){dti;dt(ti,ti);(i,i     $S;};ErN{)it        
119 :                     i,ti){dti;dt(ti,ti);(i,i)     $S;};ErN{)i         
120 :                     ,ti){dti;dt(ti,ti);(i,i);     $S;};ErN{)          
121 : TS_NOK/NS_NORULECHAIN
121 : RESSTATE            
121 :                     ti,ti){dti;dt(ti,ti);(i,i     $S;};ErN{)F         
122 : TNS_NORULECHAIN/NS_NORULE
122 : RESSTATE            
122 :                     tfi(ti,ti){dti;dt(ti,ti);     $S                  
123 : S->tfi(F){NrE;};    tfi(ti,ti){dti;dt(ti,ti);     $S                  
123 : SAVESTATE:          13
123 :                     tfi(ti,ti){dti;dt(ti,ti);     $;};ErN{)F(ift      
124 :                     fi(ti,ti){dti;dt(ti,ti);(     $;};ErN{)F(if       
125 :                     i(ti,ti){dti;dt(ti,ti);(i     $;};ErN{)F(i        
126 :                     (ti,ti){dti;dt(ti,ti);(i,     $;};ErN{)F(         
127 :                     ti,ti){dti;dt(ti,ti);(i,i     $;};ErN{)F          
128 : F->ti,F             ti,ti){dti;dt(ti,ti);(i,i     $;};ErN{)F          
128 : SAVESTATE:          14
128 :                     ti,ti){dti;dt(ti,ti);(i,i     $;};ErN{)F,it       
129 :                     i,ti){dti;dt(ti,ti);(i,i)     $;};ErN{)F,i        
130 :                     ,ti){dti;dt(ti,ti);(i,i);     $;};ErN{)F,         
131 :                     ti){dti;dt(ti,ti);(i,i);r     $;};ErN{)F          
132 : F->ti,F             ti){dti;dt(ti,ti);(i,i);r     $;};ErN{)F          
132 : SAVESTATE:          15
132 :                     ti){dti;dt(ti,ti);(i,i);r     $;};ErN{)F,it       
133 :                     i){dti;dt(ti,ti);(i,i);ri     $;};ErN{)F,i        
134 :                     ){dti;dt(ti,ti);(i,i);ri;     $;};ErN{)F,         
135 : TS_NOK/NS_NORULECHAIN
135 : RESSTATE            
135 :                     ti){dti;dt(ti,ti);(i,i);r     $;};ErN{)F          
136 : F->ti               ti){dti;dt(ti,ti);(i,i);r     $;};ErN{)F          
136 : SAVESTATE:          15
136 :                     ti){dti;dt(ti,ti);(i,i);r     $;};ErN{)it         
137 :                     i){dti;dt(ti,ti);(i,i);ri     $;};ErN{)i          
138 :                     ){dti;dt(ti,ti);(i,i);ri;     $;};ErN{)           
139 :                     {dti;dt(ti,ti);(i,i);ri;}     $;};ErN{            
140 :                     dti;dt(ti,ti);(i,i);ri;};     $;};ErN             
141 : N->dti;             dti;dt(ti,ti);(i,i);ri;};     $;};ErN             
141 : SAVESTATE:          16
141 :                     dti;dt(ti,ti);(i,i);ri;};     $;};Er;itd          
142 :                     ti;dt(ti,ti);(i,i);ri;};m     $;};Er;it           
143 :                     i;dt(ti,ti);(i,i);ri;};m{     $;};Er;i            
144 :                     ;dt(ti,ti);(i,i);ri;};m{d     $;};Er;             
145 :                     dt(ti,ti);(i,i);ri;};m{dt     $;};Er              
146 : TS_NOK/NS_NORULECHAIN
146 : RESSTATE            
146 :                     dti;dt(ti,ti);(i,i);ri;};     $;};ErN             
147 : N->dtfi(F);         dti;dt(ti,ti);(i,i);ri;};     $;};ErN             
147 : SAVESTATE:          16
147 :                     dti;dt(ti,ti);(i,i);ri;};     $;};Er;)F(iftd      
148 :                     ti;dt(ti,ti);(i,i);ri;};m     $;};Er;)F(ift       
149 :                     i;dt(ti,ti);(i,i);ri;};m{     $;};Er;)F(if        
150 : TS_NOK/NS_NORULECHAIN
150 : RESSTATE            
150 :                     dti;dt(ti,ti);(i,i);ri;};     $;};ErN             
151 : N->dti;N            dti;dt(ti,ti);(i,i);ri;};     $;};ErN             
151 : SAVESTATE:          16
151 :                     dti;dt(ti,ti);(i,i);ri;};     $;};ErN;itd         
152 :                     ti;dt(ti,ti);(i,i);ri;};m     $;};ErN;it          
153 :                     i;dt(ti,ti);(i,i);ri;};m{     $;};ErN;i           
154 :                     ;dt(ti,ti);(i,i);ri;};m{d     $;};ErN;            
155 :                     dt(ti,ti);(i,i);ri;};m{dt     $;};ErN             
156 : N->dti;             dt(ti,ti);(i,i);ri;};m{dt     $;};ErN             
156 : SAVESTATE:          17
156 :                     dt(ti,ti);(i,i);ri;};m{dt     $;};Er;itd          
157 :                     t(ti,ti);(i,i);ri;};m{dti     $;};Er;it           
158 :                     (ti,ti);(i,i);ri;};m{dti;     $;};Er;i            
159 : TS_NOK/NS_NORULECHAIN
159 : RESSTATE            
159 :                     dt(ti,ti);(i,i);ri;};m{dt     $;};ErN             
160 : N->dtfi(F);         dt(ti,ti);(i,i);ri;};m{dt     $;};ErN             
160 : SAVESTATE:          17
160 :                     dt(ti,ti);(i,i);ri;};m{dt     $;};Er;)F(iftd      
161 :                     t(ti,ti);(i,i);ri;};m{dti     $;};Er;)F(ift       
162 :                     (ti,ti);(i,i);ri;};m{dti;     $;};Er;)F(if        
163 : TS_NOK/NS_NORULECHAIN
163 : RESSTATE            
163 :                     dt(ti,ti);(i,i);ri;};m{dt     $;};ErN             
164 : N->dti;N            dt(ti,ti);(i,i);ri;};m{dt     $;};ErN             
164 : SAVESTATE:          17
164 :                     dt(ti,ti);(i,i);ri;};m{dt     $;};ErN;itd         
165 :                     t(ti,ti);(i,i);ri;};m{dti     $;};ErN;it          
166 :                     (ti,ti);(i,i);ri;};m{dti;     $;};ErN;i           
167 : TS_NOK/NS_NORULECHAIN
167 : RESSTATE            
167 :                     dt(ti,ti);(i,i);ri;};m{dt     $;};ErN             
168 : N->dtfi(F);N        dt(ti,ti);(i,i);ri;};m{dt     $;};ErN             
168 : SAVESTATE:          17
168 :                     dt(ti,ti);(i,i);ri;};m{dt     $;};ErN;)F(iftd     
169 :                     t(ti,ti);(i,i);ri;};m{dti     $;};ErN;)F(ift      
170 :                     (ti,ti);(i,i);ri;};m{dti;     $;};ErN;)F(if       
171 : TS_NOK/NS_NORULECHAIN
171 : RESSTATE            
171 :                     dt(ti,ti);(i,i);ri;};m{dt     $;};ErN             
172 : TNS_NORULECHAIN/NS_NORULE
172 : RESSTATE            
172 :                     dti;dt(ti,ti);(i,i);ri;};     $;};ErN             
173 : N->dtfi(F);N        dti;dt(ti,ti);(i,i);ri;};     $;};ErN             
173 : SAVESTATE:          16
173 :                     dti;dt(ti,ti);(i,i);ri;};     $;};ErN;)F(iftd     
174 :                     ti;dt(ti,ti);(i,i);ri;};m     $;};ErN;)F(ift      
175 :                     i;dt(ti,ti);(i,i);ri;};m{     $;};ErN;)F(if       
176 : TS_NOK/NS_NORULECHAIN
176 : RESSTATE            
176 :                     dti;dt(ti,ti);(i,i);ri;};     $;};ErN             
177 : TNS_NORULECHAIN/NS_NORULE
177 : RESSTATE            
177 :                     ti){dti;dt(ti,ti);(i,i);r     $;};ErN{)F          
178 : TNS_NORULECHAIN/NS_NORULE
178 : RESSTATE            
178 :                     ti,ti){dti;dt(ti,ti);(i,i     $;};ErN{)F          
179 : F->ti               ti,ti){dti;dt(ti,ti);(i,i     $;};ErN{)F          
179 : SAVESTATE:          14
179 :                     ti,ti){dti;dt(ti,ti);(i,i     $;};ErN{)it         
180 :                     i,ti){dti;dt(ti,ti);(i,i)     $;};ErN{)i          
181 :                     ,ti){dti;dt(ti,ti);(i,i);     $;};ErN{)           
182 : TS_NOK/NS_NORULECHAIN
182 : RESSTATE            
182 :                     ti,ti){dti;dt(ti,ti);(i,i     $;};ErN{)F          
183 : TNS_NORULECHAIN/NS_NORULE
183 : RESSTATE            
183 :                     tfi(ti,ti){dti;dt(ti,ti);     $S                  
184 : TNS_NORULECHAIN/NS_NORULE
184 : RESSTATE            
184 :                     i;};tfi(ti,ti){dti;dt(ti,     $S;};E              
185 : E->iM               i;};tfi(ti,ti){dti;dt(ti,     $S;};E              
185 : SAVESTATE:          12
185 :                     i;};tfi(ti,ti){dti;dt(ti,     $S;};Mi             
186 :                     ;};tfi(ti,ti){dti;dt(ti,t     $S;};M              
187 : TNS_NORULECHAIN/NS_NORULE
187 : RESSTATE            
187 :                     i;};tfi(ti,ti){dti;dt(ti,     $S;};E              
188 : TNS_NORULECHAIN/NS_NORULE
188 : RESSTATE            
188 :                     i);ri;};tfi(ti,ti){dti;dt     $S;};Er;)E          
189 : E->iM               i);ri;};tfi(ti,ti){dti;dt     $S;};Er;)E          
189 : SAVESTATE:          11
189 :                     i);ri;};tfi(ti,ti){dti;dt     $S;};Er;)Mi         
190 :                     );ri;};tfi(ti,ti){dti;dt(     $S;};Er;)M          
191 : TNS_NORULECHAIN/NS_NORULE
191 : RESSTATE            
191 :                     i);ri;};tfi(ti,ti){dti;dt     $S;};Er;)E          
192 : TNS_NORULECHAIN/NS_NORULE
192 : RESSTATE            
192 :                     +i);ri;};tfi(ti,ti){dti;d     $S;};Er;)M          
193 : M->+EM              +i);ri;};tfi(ti,ti){dti;d     $S;};Er;)M          
193 : SAVESTATE:          10
193 :                     +i);ri;};tfi(ti,ti){dti;d     $S;};Er;)ME+        
194 :                     i);ri;};tfi(ti,ti){dti;dt     $S;};Er;)ME         
195 : E->i                i);ri;};tfi(ti,ti){dti;dt     $S;};Er;)ME         
195 : SAVESTATE:          11
195 :                     i);ri;};tfi(ti,ti){dti;dt     $S;};Er;)Mi         
196 :                     );ri;};tfi(ti,ti){dti;dt(     $S;};Er;)M          
197 : TNS_NORULECHAIN/NS_NORULE
197 : RESSTATE            
197 :                     i);ri;};tfi(ti,ti){dti;dt     $S;};Er;)ME         
198 : E->iM               i);ri;};tfi(ti,ti){dti;dt     $S;};Er;)ME         
198 : SAVESTATE:          11
198 :                     i);ri;};tfi(ti,ti){dti;dt     $S;};Er;)MMi        
199 :                     );ri;};tfi(ti,ti){dti;dt(     $S;};Er;)MM         
200 : TNS_NORULECHAIN/NS_NORULE
200 : RESSTATE            
200 :                     i);ri;};tfi(ti,ti){dti;dt     $S;};Er;)ME         
201 : TNS_NORULECHAIN/NS_NORULE
201 : RESSTATE            
201 :                     +i);ri;};tfi(ti,ti){dti;d     $S;};Er;)M          
202 : TNS_NORULECHAIN/NS_NORULE
202 : RESSTATE            
202 :                     i+i);ri;};tfi(ti,ti){dti;     $S;};Er;)E          
203 : TNS_NORULECHAIN/NS_NORULE
203 : RESSTATE            
203 :                     (i+i);ri;};tfi(ti,ti){dti     $S;};Er;E           
204 : E->(E)M             (i+i);ri;};tfi(ti,ti){dti     $S;};Er;E           
204 : SAVESTATE:          8
204 :                     (i+i);ri;};tfi(ti,ti){dti     $S;};Er;M)E(        
205 :                     i+i);ri;};tfi(ti,ti){dti;     $S;};Er;M)E         
206 : E->i                i+i);ri;};tfi(ti,ti){dti;     $S;};Er;M)E         
206 : SAVESTATE:          9
206 :                     i+i);ri;};tfi(ti,ti){dti;     $S;};Er;M)i         
207 :                     +i);ri;};tfi(ti,ti){dti;d     $S;};Er;M)          
208 : TS_NOK/NS_NORULECHAIN
208 : RESSTATE            
208 :                     i+i);ri;};tfi(ti,ti){dti;     $S;};Er;M)E         
209 : E->iM               i+i);ri;};tfi(ti,ti){dti;     $S;};Er;M)E         
209 : SAVESTATE:          9
209 :                     i+i);ri;};tfi(ti,ti){dti;     $S;};Er;M)Mi        
210 :                     +i);ri;};tfi(ti,ti){dti;d     $S;};Er;M)M         
211 : M->+E               +i);ri;};tfi(ti,ti){dti;d     $S;};Er;M)M         
211 : SAVESTATE:          10
211 :                     +i);ri;};tfi(ti,ti){dti;d     $S;};Er;M)E+        
212 :                     i);ri;};tfi(ti,ti){dti;dt     $S;};Er;M)E         
213 : E->i                i);ri;};tfi(ti,ti){dti;dt     $S;};Er;M)E         
213 : SAVESTATE:          11
213 :                     i);ri;};tfi(ti,ti){dti;dt     $S;};Er;M)i         
214 :                     );ri;};tfi(ti,ti){dti;dt(     $S;};Er;M)          
215 :                     ;ri;};tfi(ti,ti){dti;dt(t     $S;};Er;M           
216 : TNS_NORULECHAIN/NS_NORULE
216 : RESSTATE            
216 :                     i);ri;};tfi(ti,ti){dti;dt     $S;};Er;M)E         
217 : E->iM               i);ri;};tfi(ti,ti){dti;dt     $S;};Er;M)E         
217 : SAVESTATE:          11
217 :                     i);ri;};tfi(ti,ti){dti;dt     $S;};Er;M)Mi        
218 :                     );ri;};tfi(ti,ti){dti;dt(     $S;};Er;M)M         
219 : TNS_NORULECHAIN/NS_NORULE
219 : RESSTATE            
219 :                     i);ri;};tfi(ti,ti){dti;dt     $S;};Er;M)E         
220 : TNS_NORULECHAIN/NS_NORULE
220 : RESSTATE            
220 :                     +i);ri;};tfi(ti,ti){dti;d     $S;};Er;M)M         
221 : M->+EM              +i);ri;};tfi(ti,ti){dti;d     $S;};Er;M)M         
221 : SAVESTATE:          10
221 :                     +i);ri;};tfi(ti,ti){dti;d     $S;};Er;M)ME+       
222 :                     i);ri;};tfi(ti,ti){dti;dt     $S;};Er;M)ME        
223 : E->i                i);ri;};tfi(ti,ti){dti;dt     $S;};Er;M)ME        
223 : SAVESTATE:          11
223 :                     i);ri;};tfi(ti,ti){dti;dt     $S;};Er;M)Mi        
224 :                     );ri;};tfi(ti,ti){dti;dt(     $S;};Er;M)M         
225 : TNS_NORULECHAIN/NS_NORULE
225 : RESSTATE            
225 :                     i);ri;};tfi(ti,ti){dti;dt     $S;};Er;M)ME        
226 : E->iM               i);ri;};tfi(ti,ti){dti;dt     $S;};Er;M)ME        
226 : SAVESTATE:          11
226 :                     i);ri;};tfi(ti,ti){dti;dt     $S;};Er;M)MMi       
227 :                     );ri;};tfi(ti,ti){dti;dt(     $S;};Er;M)MM        
228 : TNS_NORULECHAIN/NS_NORULE
228 : RESSTATE            
228 :                     i);ri;};tfi(ti,ti){dti;dt     $S;};Er;M)ME        
229 : TNS_NORULECHAIN/NS_NORULE
229 : RESSTATE            
229 :                     +i);ri;};tfi(ti,ti){dti;d     $S;};Er;M)M         
230 : TNS_NORULECHAIN/NS_NORULE
230 : RESSTATE            
230 :                     i+i);ri;};tfi(ti,ti){dti;     $S;};Er;M)E         
231 : TNS_NORULECHAIN/NS_NORULE
231 : RESSTATE            
231 :                     (i+i);ri;};tfi(ti,ti){dti     $S;};Er;E           
232 : TNS_NORULECHAIN/NS_NORULE
232 : RESSTATE            
232 :                     *(i+i);ri;};tfi(ti,ti){dt     $S;};Er;M           
233 : M->*EM              *(i+i);ri;};tfi(ti,ti){dt     $S;};Er;M           
233 : SAVESTATE:          7
233 :                     *(i+i);ri;};tfi(ti,ti){dt     $S;};Er;ME*         
234 :                     (i+i);ri;};tfi(ti,ti){dti     $S;};Er;ME          
235 : E->(E)              (i+i);ri;};tfi(ti,ti){dti     $S;};Er;ME          
235 : SAVESTATE:          8
235 :                     (i+i);ri;};tfi(ti,ti){dti     $S;};Er;M)E(        
236 :                     i+i);ri;};tfi(ti,ti){dti;     $S;};Er;M)E         
237 : E->i                i+i);ri;};tfi(ti,ti){dti;     $S;};Er;M)E         
237 : SAVESTATE:          9
237 :                     i+i);ri;};tfi(ti,ti){dti;     $S;};Er;M)i         
238 :                     +i);ri;};tfi(ti,ti){dti;d     $S;};Er;M)          
239 : TS_NOK/NS_NORULECHAIN
239 : RESSTATE            
239 :                     i+i);ri;};tfi(ti,ti){dti;     $S;};Er;M)E         
240 : E->iM               i+i);ri;};tfi(ti,ti){dti;     $S;};Er;M)E         
240 : SAVESTATE:          9
240 :                     i+i);ri;};tfi(ti,ti){dti;     $S;};Er;M)Mi        
241 :                     +i);ri;};tfi(ti,ti){dti;d     $S;};Er;M)M         
242 : M->+E               +i);ri;};tfi(ti,ti){dti;d     $S;};Er;M)M         
242 : SAVESTATE:          10
242 :                     +i);ri;};tfi(ti,ti){dti;d     $S;};Er;M)E+        
243 :                     i);ri;};tfi(ti,ti){dti;dt     $S;};Er;M)E         
244 : E->i                i);ri;};tfi(ti,ti){dti;dt     $S;};Er;M)E         
244 : SAVESTATE:          11
244 :                     i);ri;};tfi(ti,ti){dti;dt     $S;};Er;M)i         
245 :                     );ri;};tfi(ti,ti){dti;dt(     $S;};Er;M)          
246 :                     ;ri;};tfi(ti,ti){dti;dt(t     $S;};Er;M           
247 : TNS_NORULECHAIN/NS_NORULE
247 : RESSTATE            
247 :                     i);ri;};tfi(ti,ti){dti;dt     $S;};Er;M)E         
248 : E->iM               i);ri;};tfi(ti,ti){dti;dt     $S;};Er;M)E         
248 : SAVESTATE:          11
248 :                     i);ri;};tfi(ti,ti){dti;dt     $S;};Er;M)Mi        
249 :                     );ri;};tfi(ti,ti){dti;dt(     $S;};Er;M)M         
250 : TNS_NORULECHAIN/NS_NORULE
250 : RESSTATE            
250 :                     i);ri;};tfi(ti,ti){dti;dt     $S;};Er;M)E         
251 : TNS_NORULECHAIN/NS_NORULE
251 : RESSTATE            
251 :                     +i);ri;};tfi(ti,ti){dti;d     $S;};Er;M)M         
252 : M->+EM              +i);ri;};tfi(ti,ti){dti;d     $S;};Er;M)M         
252 : SAVESTATE:          10
252 :                     +i);ri;};tfi(ti,ti){dti;d     $S;};Er;M)ME+       
253 :                     i);ri;};tfi(ti,ti){dti;dt     $S;};Er;M)ME        
254 : E->i                i);ri;};tfi(ti,ti){dti;dt     $S;};Er;M)ME        
254 : SAVESTATE:          11
254 :                     i);ri;};tfi(ti,ti){dti;dt     $S;};Er;M)Mi        
255 :                     );ri;};tfi(ti,ti){dti;dt(     $S;};Er;M)M         
256 : TNS_NORULECHAIN/NS_NORULE
256 : RESSTATE            
256 :                     i);ri;};tfi(ti,ti){dti;dt     $S;};Er;M)ME        
257 : E->iM               i);ri;};tfi(ti,ti){dti;dt     $S;};Er;M)ME        
257 : SAVESTATE:          11
257 :                     i);ri;};tfi(ti,ti){dti;dt     $S;};Er;M)MMi       
258 :                     );ri;};tfi(ti,ti){dti;dt(     $S;};Er;M)MM        
259 : TNS_NORULECHAIN/NS_NORULE
259 : RESSTATE            
259 :                     i);ri;};tfi(ti,ti){dti;dt     $S;};Er;M)ME        
260 : TNS_NORULECHAIN/NS_NORULE
260 : RESSTATE            
260 :                     +i);ri;};tfi(ti,ti){dti;d     $S;};Er;M)M         
261 : TNS_NORULECHAIN/NS_NORULE
261 : RESSTATE            
261 :                     i+i);ri;};tfi(ti,ti){dti;     $S;};Er;M)E         
262 : TNS_NORULECHAIN/NS_NORULE
262 : RESSTATE            
262 :                     (i+i);ri;};tfi(ti,ti){dti     $S;};Er;ME          
263 : E->(E)M             (i+i);ri;};tfi(ti,ti){dti     $S;};Er;ME          
263 : SAVESTATE:          8
263 :                     (i+i);ri;};tfi(ti,ti){dti     $S;};Er;MM)E(       
264 :                     i+i);ri;};tfi(ti,ti){dti;     $S;};Er;MM)E        
265 : E->i                i+i);ri;};tfi(ti,ti){dti;     $S;};Er;MM)E        
265 : SAVESTATE:          9
265 :                     i+i);ri;};tfi(ti,ti){dti;     $S;};Er;MM)i        
266 :                     +i);ri;};tfi(ti,ti){dti;d     $S;};Er;MM)         
267 : TS_NOK/NS_NORULECHAIN
267 : RESSTATE            
267 :                     i+i);ri;};tfi(ti,ti){dti;     $S;};Er;MM)E        
268 : E->iM               i+i);ri;};tfi(ti,ti){dti;     $S;};Er;MM)E        
268 : SAVESTATE:          9
268 :                     i+i);ri;};tfi(ti,ti){dti;     $S;};Er;MM)Mi       
269 :                     +i);ri;};tfi(ti,ti){dti;d     $S;};Er;MM)M        
270 : M->+E               +i);ri;};tfi(ti,ti){dti;d     $S;};Er;MM)M        
270 : SAVESTATE:          10
270 :                     +i);ri;};tfi(ti,ti){dti;d     $S;};Er;MM)E+       
271 :                     i);ri;};tfi(ti,ti){dti;dt     $S;};Er;MM)E        
272 : E->i                i);ri;};tfi(ti,ti){dti;dt     $S;};Er;MM)E        
272 : SAVESTATE:          11
272 :                     i);ri;};tfi(ti,ti){dti;dt     $S;};Er;MM)i        
273 :                     );ri;};tfi(ti,ti){dti;dt(     $S;};Er;MM)         
274 :                     ;ri;};tfi(ti,ti){dti;dt(t     $S;};Er;MM          
275 : TNS_NORULECHAIN/NS_NORULE
275 : RESSTATE            
275 :                     i);ri;};tfi(ti,ti){dti;dt     $S;};Er;MM)E        
276 : E->iM               i);ri;};tfi(ti,ti){dti;dt     $S;};Er;MM)E        
276 : SAVESTATE:          11
276 :                     i);ri;};tfi(ti,ti){dti;dt     $S;};Er;MM)Mi       
277 :                     );ri;};tfi(ti,ti){dti;dt(     $S;};Er;MM)M        
278 : TNS_NORULECHAIN/NS_NORULE
278 : RESSTATE            
278 :                     i);ri;};tfi(ti,ti){dti;dt     $S;};Er;MM)E        
279 : TNS_NORULECHAIN/NS_NORULE
279 : RESSTATE            
279 :                     +i);ri;};tfi(ti,ti){dti;d     $S;};Er;MM)M        
280 : M->+EM              +i);ri;};tfi(ti,ti){dti;d     $S;};Er;MM)M        
280 : SAVESTATE:          10
280 :                     +i);ri;};tfi(ti,ti){dti;d     $S;};Er;MM)ME+      
281 :                     i);ri;};tfi(ti,ti){dti;dt     $S;};Er;MM)ME       
282 : E->i                i);ri;};tfi(ti,ti){dti;dt     $S;};Er;MM)ME       
282 : SAVESTATE:          11
282 :                     i);ri;};tfi(ti,ti){dti;dt     $S;};Er;MM)Mi       
283 :                     );ri;};tfi(ti,ti){dti;dt(     $S;};Er;MM)M        
284 : TNS_NORULECHAIN/NS_NORULE
284 : RESSTATE            
284 :                     i);ri;};tfi(ti,ti){dti;dt     $S;};Er;MM)ME       
285 : E->iM               i);ri;};tfi(ti,ti){dti;dt     $S;};Er;MM)ME       
285 : SAVESTATE:          11
285 :                     i);ri;};tfi(ti,ti){dti;dt     $S;};Er;MM)MMi      
286 :                     );ri;};tfi(ti,ti){dti;dt(     $S;};Er;MM)MM       
287 : TNS_NORULECHAIN/NS_NORULE
287 : RESSTATE            
287 :                     i);ri;};tfi(ti,ti){dti;dt     $S;};Er;MM)ME       
288 : TNS_NORULECHAIN/NS_NORULE
288 : RESSTATE            
288 :                     +i);ri;};tfi(ti,ti){dti;d     $S;};Er;MM)M        
289 : TNS_NORULECHAIN/NS_NORULE
289 : RESSTATE            
289 :                     i+i);ri;};tfi(ti,ti){dti;     $S;};Er;MM)E        
290 : TNS_NORULECHAIN/NS_NORULE
290 : RESSTATE            
290 :                     (i+i);ri;};tfi(ti,ti){dti     $S;};Er;ME          
291 : TNS_NORULECHAIN/NS_NORULE
291 : RESSTATE            
291 :                     *(i+i);ri;};tfi(ti,ti){dt     $S;};Er;M           
292 : TNS_NORULECHAIN/NS_NORULE
292 : RESSTATE            
292 :                     i*(i+i);ri;};tfi(ti,ti){d     $S;};Er;E           
293 : TNS_NORULECHAIN/NS_NORULE
293 : RESSTATE            
293 :                     i=i*(i+i);ri;};tfi(ti,ti)     $S;};ErN            
294 : N->i=E;N            i=i*(i+i);ri;};tfi(ti,ti)     $S;};ErN            
294 : SAVESTATE:          5
294 :                     i=i*(i+i);ri;};tfi(ti,ti)     $S;};ErN;E=i        
295 :                     =i*(i+i);ri;};tfi(ti,ti){     $S;};ErN;E=         
296 :                     i*(i+i);ri;};tfi(ti,ti){d     $S;};ErN;E          
297 : E->i                i*(i+i);ri;};tfi(ti,ti){d     $S;};ErN;E          
297 : SAVESTATE:          6
297 :                     i*(i+i);ri;};tfi(ti,ti){d     $S;};ErN;i          
298 :                     *(i+i);ri;};tfi(ti,ti){dt     $S;};ErN;           
299 : TS_NOK/NS_NORULECHAIN
299 : RESSTATE            
299 :                     i*(i+i);ri;};tfi(ti,ti){d     $S;};ErN;E          
300 : E->iM               i*(i+i);ri;};tfi(ti,ti){d     $S;};ErN;E          
300 : SAVESTATE:          6
300 :                     i*(i+i);ri;};tfi(ti,ti){d     $S;};ErN;Mi         
301 :                     *(i+i);ri;};tfi(ti,ti){dt     $S;};ErN;M          
302 : M->*E               *(i+i);ri;};tfi(ti,ti){dt     $S;};ErN;M          
302 : SAVESTATE:          7
302 :                     *(i+i);ri;};tfi(ti,ti){dt     $S;};ErN;E*         
303 :                     (i+i);ri;};tfi(ti,ti){dti     $S;};ErN;E          
304 : E->(E)              (i+i);ri;};tfi(ti,ti){dti     $S;};ErN;E          
304 : SAVESTATE:          8
304 :                     (i+i);ri;};tfi(ti,ti){dti     $S;};ErN;)E(        
305 :                     i+i);ri;};tfi(ti,ti){dti;     $S;};ErN;)E         
306 : E->i                i+i);ri;};tfi(ti,ti){dti;     $S;};ErN;)E         
306 : SAVESTATE:          9
306 :                     i+i);ri;};tfi(ti,ti){dti;     $S;};ErN;)i         
307 :                     +i);ri;};tfi(ti,ti){dti;d     $S;};ErN;)          
308 : TS_NOK/NS_NORULECHAIN
308 : RESSTATE            
308 :                     i+i);ri;};tfi(ti,ti){dti;     $S;};ErN;)E         
309 : E->iM               i+i);ri;};tfi(ti,ti){dti;     $S;};ErN;)E         
309 : SAVESTATE:          9
309 :                     i+i);ri;};tfi(ti,ti){dti;     $S;};ErN;)Mi        
310 :                     +i);ri;};tfi(ti,ti){dti;d     $S;};ErN;)M         
311 : M->+E               +i);ri;};tfi(ti,ti){dti;d     $S;};ErN;)M         
311 : SAVESTATE:          10
311 :                     +i);ri;};tfi(ti,ti){dti;d     $S;};ErN;)E+        
312 :                     i);ri;};tfi(ti,ti){dti;dt     $S;};ErN;)E         
313 : E->i                i);ri;};tfi(ti,ti){dti;dt     $S;};ErN;)E         
313 : SAVESTATE:          11
313 :                     i);ri;};tfi(ti,ti){dti;dt     $S;};ErN;)i         
314 :                     );ri;};tfi(ti,ti){dti;dt(     $S;};ErN;)          
315 :                     ;ri;};tfi(ti,ti){dti;dt(t     $S;};ErN;           
316 :                     ri;};tfi(ti,ti){dti;dt(ti     $S;};ErN            
317 : N->rE;              ri;};tfi(ti,ti){dti;dt(ti     $S;};ErN            
317 : SAVESTATE:          12
317 :                     ri;};tfi(ti,ti){dti;dt(ti     $S;};Er;Er          
318 :                     i;};tfi(ti,ti){dti;dt(ti,     $S;};Er;E           
319 : E->i                i;};tfi(ti,ti){dti;dt(ti,     $S;};Er;E           
319 : SAVESTATE:          13
319 :                     i;};tfi(ti,ti){dti;dt(ti,     $S;};Er;i           
320 :                     ;};tfi(ti,ti){dti;dt(ti,t     $S;};Er;            
321 :                     };tfi(ti,ti){dti;dt(ti,ti     $S;};Er             
322 : TS_NOK/NS_NORULECHAIN
322 : RESSTATE            
322 :                     i;};tfi(ti,ti){dti;dt(ti,     $S;};Er;E           
323 : E->iM               i;};tfi(ti,ti){dti;dt(ti,     $S;};Er;E           
323 : SAVESTATE:          13
323 :                     i;};tfi(ti,ti){dti;dt(ti,     $S;};Er;Mi          
324 :                     ;};tfi(ti,ti){dti;dt(ti,t     $S;};Er;M           
325 : TNS_NORULECHAIN/NS_NORULE
325 : RESSTATE            
325 :                     i;};tfi(ti,ti){dti;dt(ti,     $S;};Er;E           
326 : TNS_NORULECHAIN/NS_NORULE
326 : RESSTATE            
326 :                     ri;};tfi(ti,ti){dti;dt(ti     $S;};ErN            
327 : N->rE;N             ri;};tfi(ti,ti){dti;dt(ti     $S;};ErN            
327 : SAVESTATE:          12
327 :                     ri;};tfi(ti,ti){dti;dt(ti     $S;};ErN;Er         
328 :                     i;};tfi(ti,ti){dti;dt(ti,     $S;};ErN;E          
329 : E->i                i;};tfi(ti,ti){dti;dt(ti,     $S;};ErN;E          
329 : SAVESTATE:          13
329 :                     i;};tfi(ti,ti){dti;dt(ti,     $S;};ErN;i          
330 :                     ;};tfi(ti,ti){dti;dt(ti,t     $S;};ErN;           
331 :                     };tfi(ti,ti){dti;dt(ti,ti     $S;};ErN            
332 : TNS_NORULECHAIN/NS_NORULE
332 : RESSTATE            
332 :                     i;};tfi(ti,ti){dti;dt(ti,     $S;};ErN;E          
333 : E->iM               i;};tfi(ti,ti){dti;dt(ti,     $S;};ErN;E          
333 : SAVESTATE:          13
333 :                     i;};tfi(ti,ti){dti;dt(ti,     $S;};ErN;Mi         
334 :                     ;};tfi(ti,ti){dti;dt(ti,t     $S;};ErN;M          
335 : TNS_NORULECHAIN/NS_NORULE
335 : RESSTATE            
335 :                     i;};tfi(ti,ti){dti;dt(ti,     $S;};ErN;E          
336 : TNS_NORULECHAIN/NS_NORULE
336 : RESSTATE            
336 :                     ri;};tfi(ti,ti){dti;dt(ti     $S;};ErN            
337 : TNS_NORULECHAIN/NS_NORULE
337 : RESSTATE            
337 :                     i);ri;};tfi(ti,ti){dti;dt     $S;};ErN;)E         
338 : E->iM               i);ri;};tfi(ti,ti){dti;dt     $S;};ErN;)E         
338 : SAVESTATE:          11
338 :                     i);ri;};tfi(ti,ti){dti;dt     $S;};ErN;)Mi        
339 :                     );ri;};tfi(ti,ti){dti;dt(     $S;};ErN;)M         
340 : TNS_NORULECHAIN/NS_NORULE
340 : RESSTATE            
340 :                     i);ri;};tfi(ti,ti){dti;dt     $S;};ErN;)E         
341 : TNS_NORULECHAIN/NS_NORULE
341 : RESSTATE            
341 :                     +i);ri;};tfi(ti,ti){dti;d     $S;};ErN;)M         
342 : M->+EM              +i);ri;};tfi(ti,ti){dti;d     $S;};ErN;)M         
342 : SAVESTATE:          10
342 :                     +i);ri;};tfi(ti,ti){dti;d     $S;};ErN;)ME+       
343 :                     i);ri;};tfi(ti,ti){dti;dt     $S;};ErN;)ME        
344 : E->i                i);ri;};tfi(ti,ti){dti;dt     $S;};ErN;)ME        
344 : SAVESTATE:          11
344 :                     i);ri;};tfi(ti,ti){dti;dt     $S;};ErN;)Mi        
345 :                     );ri;};tfi(ti,ti){dti;dt(     $S;};ErN;)M         
346 : TNS_NORULECHAIN/NS_NORULE
346 : RESSTATE            
346 :                     i);ri;};tfi(ti,ti){dti;dt     $S;};ErN;)ME        
347 : E->iM               i);ri;};tfi(ti,ti){dti;dt     $S;};ErN;)ME        
347 : SAVESTATE:          11
347 :                     i);ri;};tfi(ti,ti){dti;dt     $S;};ErN;)MMi       
348 :                     );ri;};tfi(ti,ti){dti;dt(     $S;};ErN;)MM        
349 : TNS_NORULECHAIN/NS_NORULE
349 : RESSTATE            
349 :                     i);ri;};tfi(ti,ti){dti;dt     $S;};ErN;)ME        
350 : TNS_NORULECHAIN/NS_NORULE
350 : RESSTATE            
350 :                     +i);ri;};tfi(ti,ti){dti;d     $S;};ErN;)M         
351 : TNS_NORULECHAIN/NS_NORULE
351 : RESSTATE            
351 :                     i+i);ri;};tfi(ti,ti){dti;     $S;};ErN;)E         
352 : TNS_NORULECHAIN/NS_NORULE
352 : RESSTATE            
352 :                     (i+i);ri;};tfi(ti,ti){dti     $S;};ErN;E          
353 : E->(E)M             (i+i);ri;};tfi(ti,ti){dti     $S;};ErN;E          
353 : SAVESTATE:          8
353 :                     (i+i);ri;};tfi(ti,ti){dti     $S;};ErN;M)E(       
354 :                     i+i);ri;};tfi(ti,ti){dti;     $S;};ErN;M)E        
355 : E->i                i+i);ri;};tfi(ti,ti){dti;     $S;};ErN;M)E        
355 : SAVESTATE:          9
355 :                     i+i);ri;};tfi(ti,ti){dti;     $S;};ErN;M)i        
356 :                     +i);ri;};tfi(ti,ti){dti;d     $S;};ErN;M)         
357 : TS_NOK/NS_NORULECHAIN
357 : RESSTATE            
357 :                     i+i);ri;};tfi(ti,ti){dti;     $S;};ErN;M)E        
358 : E->iM               i+i);ri;};tfi(ti,ti){dti;     $S;};ErN;M)E        
358 : SAVESTATE:          9
358 :                     i+i);ri;};tfi(ti,ti){dti;     $S;};ErN;M)Mi       
359 :                     +i);ri;};tfi(ti,ti){dti;d     $S;};ErN;M)M        
360 : M->+E               +i);ri;};tfi(ti,ti){dti;d     $S;};ErN;M)M        
360 : SAVESTATE:          10
360 :                     +i);ri;};tfi(ti,ti){dti;d     $S;};ErN;M)E+       
361 :                     i);ri;};tfi(ti,ti){dti;dt     $S;};ErN;M)E        
362 : E->i                i);ri;};tfi(ti,ti){dti;dt     $S;};ErN;M)E        
362 : SAVESTATE:          11
362 :                     i);ri;};tfi(ti,ti){dti;dt     $S;};ErN;M)i        
363 :                     );ri;};tfi(ti,ti){dti;dt(     $S;};ErN;M)         
364 :                     ;ri;};tfi(ti,ti){dti;dt(t     $S;};ErN;M          
365 : TNS_NORULECHAIN/NS_NORULE
365 : RESSTATE            
365 :                     i);ri;};tfi(ti,ti){dti;dt     $S;};ErN;M)E        
366 : E->iM               i);ri;};tfi(ti,ti){dti;dt     $S;};ErN;M)E        
366 : SAVESTATE:          11
366 :                     i);ri;};tfi(ti,ti){dti;dt     $S;};ErN;M)Mi       
367 :                     );ri;};tfi(ti,ti){dti;dt(     $S;};ErN;M)M        
368 : TNS_NORULECHAIN/NS_NORULE
368 : RESSTATE            
368 :                     i);ri;};tfi(ti,ti){dti;dt     $S;};ErN;M)E        
369 : TNS_NORULECHAIN/NS_NORULE
369 : RESSTATE            
369 :                     +i);ri;};tfi(ti,ti){dti;d     $S;};ErN;M)M        
370 : M->+EM              +i);ri;};tfi(ti,ti){dti;d     $S;};ErN;M)M        
370 : SAVESTATE:          10
370 :                     +i);ri;};tfi(ti,ti){dti;d     $S;};ErN;M)ME+      
371 :                     i);ri;};tfi(ti,ti){dti;dt     $S;};ErN;M)ME       
372 : E->i                i);ri;};tfi(ti,ti){dti;dt     $S;};ErN;M)ME       
372 : SAVESTATE:          11
372 :                     i);ri;};tfi(ti,ti){dti;dt     $S;};ErN;M)Mi       
373 :                     );ri;};tfi(ti,ti){dti;dt(     $S;};ErN;M)M        
374 : TNS_NORULECHAIN/NS_NORULE
374 : RESSTATE            
374 :                     i);ri;};tfi(ti,ti){dti;dt     $S;};ErN;M)ME       
375 : E->iM               i);ri;};tfi(ti,ti){dti;dt     $S;};ErN;M)ME       
375 : SAVESTATE:          11
375 :                     i);ri;};tfi(ti,ti){dti;dt     $S;};ErN;M)MMi      
376 :                     );ri;};tfi(ti,ti){dti;dt(     $S;};ErN;M)MM       
377 : TNS_NORULECHAIN/NS_NORULE
377 : RESSTATE            
377 :                     i);ri;};tfi(ti,ti){dti;dt     $S;};ErN;M)ME       
378 : TNS_NORULECHAIN/NS_NORULE
378 : RESSTATE            
378 :                     +i);ri;};tfi(ti,ti){dti;d     $S;};ErN;M)M        
379 : TNS_NORULECHAIN/NS_NORULE
379 : RESSTATE            
379 :                     i+i);ri;};tfi(ti,ti){dti;     $S;};ErN;M)E        
380 : TNS_NORULECHAIN/NS_NORULE
380 : RESSTATE            
380 :                     (i+i);ri;};tfi(ti,ti){dti     $S;};ErN;E          
381 : TNS_NORULECHAIN/NS_NORULE
381 : RESSTATE            
381 :                     *(i+i);ri;};tfi(ti,ti){dt     $S;};ErN;M          
382 : M->*EM              *(i+i);ri;};tfi(ti,ti){dt     $S;};ErN;M          
382 : SAVESTATE:          7
382 :                     *(i+i);ri;};tfi(ti,ti){dt     $S;};ErN;ME*        
383 :                     (i+i);ri;};tfi(ti,ti){dti     $S;};ErN;ME         
384 : E->(E)              (i+i);ri;};tfi(ti,ti){dti     $S;};ErN;ME         
384 : SAVESTATE:          8
384 :                     (i+i);ri;};tfi(ti,ti){dti     $S;};ErN;M)E(       
385 :                     i+i);ri;};tfi(ti,ti){dti;     $S;};ErN;M)E        
386 : E->i                i+i);ri;};tfi(ti,ti){dti;     $S;};ErN;M)E        
386 : SAVESTATE:          9
386 :                     i+i);ri;};tfi(ti,ti){dti;     $S;};ErN;M)i        
387 :                     +i);ri;};tfi(ti,ti){dti;d     $S;};ErN;M)         
388 : TS_NOK/NS_NORULECHAIN
388 : RESSTATE            
388 :                     i+i);ri;};tfi(ti,ti){dti;     $S;};ErN;M)E        
389 : E->iM               i+i);ri;};tfi(ti,ti){dti;     $S;};ErN;M)E        
389 : SAVESTATE:          9
389 :                     i+i);ri;};tfi(ti,ti){dti;     $S;};ErN;M)Mi       
390 :                     +i);ri;};tfi(ti,ti){dti;d     $S;};ErN;M)M        
391 : M->+E               +i);ri;};tfi(ti,ti){dti;d     $S;};ErN;M)M        
391 : SAVESTATE:          10
391 :                     +i);ri;};tfi(ti,ti){dti;d     $S;};ErN;M)E+       
392 :                     i);ri;};tfi(ti,ti){dti;dt     $S;};ErN;M)E        
393 : E->i                i);ri;};tfi(ti,ti){dti;dt     $S;};ErN;M)E        
393 : SAVESTATE:          11
393 :                     i);ri;};tfi(ti,ti){dti;dt     $S;};ErN;M)i        
394 :                     );ri;};tfi(ti,ti){dti;dt(     $S;};ErN;M)         
395 :                     ;ri;};tfi(ti,ti){dti;dt(t     $S;};ErN;M          
396 : TNS_NORULECHAIN/NS_NORULE
396 : RESSTATE            
396 :                     i);ri;};tfi(ti,ti){dti;dt     $S;};ErN;M)E        
397 : E->iM               i);ri;};tfi(ti,ti){dti;dt     $S;};ErN;M)E        
397 : SAVESTATE:          11
397 :                     i);ri;};tfi(ti,ti){dti;dt     $S;};ErN;M)Mi       
398 :                     );ri;};tfi(ti,ti){dti;dt(     $S;};ErN;M)M        
399 : TNS_NORULECHAIN/NS_NORULE
399 : RESSTATE            
399 :                     i);ri;};tfi(ti,ti){dti;dt     $S;};ErN;M)E        
400 : TNS_NORULECHAIN/NS_NORULE
400 : RESSTATE            
400 :                     +i);ri;};tfi(ti,ti){dti;d     $S;};ErN;M)M        
401 : M->+EM              +i);ri;};tfi(ti,ti){dti;d     $S;};ErN;M)M        
401 : SAVESTATE:          10
401 :                     +i);ri;};tfi(ti,ti){dti;d     $S;};ErN;M)ME+      
402 :                     i);ri;};tfi(ti,ti){dti;dt     $S;};ErN;M)ME       
403 : E->i                i);ri;};tfi(ti,ti){dti;dt     $S;};ErN;M)ME       
403 : SAVESTATE:          11
403 :                     i);ri;};tfi(ti,ti){dti;dt     $S;};ErN;M)Mi       
404 :                     );ri;};tfi(ti,ti){dti;dt(     $S;};ErN;M)M        
405 : TNS_NORULECHAIN/NS_NORULE
405 : RESSTATE            
405 :                     i);ri;};tfi(ti,ti){dti;dt     $S;};ErN;M)ME       
406 : E->iM               i);ri;};tfi(ti,ti){dti;dt     $S;};ErN;M)ME       
406 : SAVESTATE:          11
406 :                     i);ri;};tfi(ti,ti){dti;dt     $S;};ErN;M)MMi      
407 :                     );ri;};tfi(ti,ti){dti;dt(     $S;};ErN;M)MM       
408 : TNS_NORULECHAIN/NS_NORULE
408 : RESSTATE            
408 :                     i);ri;};tfi(ti,ti){dti;dt     $S;};ErN;M)ME       
409 : TNS_NORULECHAIN/NS_NORULE
409 : RESSTATE            
409 :                     +i);ri;};tfi(ti,ti){dti;d     $S;};ErN;M)M        
410 : TNS_NORULECHAIN/NS_NORULE
410 : RESSTATE            
410 :                     i+i);ri;};tfi(ti,ti){dti;     $S;};ErN;M)E        
411 : TNS_NORULECHAIN/NS_NORULE
411 : RESSTATE            
411 :                     (i+i);ri;};tfi(ti,ti){dti     $S;};ErN;ME         
412 : E->(E)M             (i+i);ri;};tfi(ti,ti){dti     $S;};ErN;ME         
412 : SAVESTATE:          8
412 :                     (i+i);ri;};tfi(ti,ti){dti     $S;};ErN;MM)E(      
413 :                     i+i);ri;};tfi(ti,ti){dti;     $S;};ErN;MM)E       
414 : E->i                i+i);ri;};tfi(ti,ti){dti;     $S;};ErN;MM)E       
414 : SAVESTATE:          9
414 :                     i+i);ri;};tfi(ti,ti){dti;     $S;};ErN;MM)i       
415 :                     +i);ri;};tfi(ti,ti){dti;d     $S;};ErN;MM)        
416 : TS_NOK/NS_NORULECHAIN
416 : RESSTATE            
416 :                     i+i);ri;};tfi(ti,ti){dti;     $S;};ErN;MM)E       
417 : E->iM               i+i);ri;};tfi(ti,ti){dti;     $S;};ErN;MM)E       
417 : SAVESTATE:          9
417 :                     i+i);ri;};tfi(ti,ti){dti;     $S;};ErN;MM)Mi      
418 :                     +i);ri;};tfi(ti,ti){dti;d     $S;};ErN;MM)M       
419 : M->+E               +i);ri;};tfi(ti,ti){dti;d     $S;};ErN;MM)M       
419 : SAVESTATE:          10
419 :                     +i);ri;};tfi(ti,ti){dti;d     $S;};ErN;MM)E+      
420 :                     i);ri;};tfi(ti,ti){dti;dt     $S;};ErN;MM)E       
421 : E->i                i);ri;};tfi(ti,ti){dti;dt     $S;};ErN;MM)E       
421 : SAVESTATE:          11
421 :                     i);ri;};tfi(ti,ti){dti;dt     $S;};ErN;MM)i       
422 :                     );ri;};tfi(ti,ti){dti;dt(     $S;};ErN;MM)        
423 :                     ;ri;};tfi(ti,ti){dti;dt(t     $S;};ErN;MM         
424 : TNS_NORULECHAIN/NS_NORULE
424 : RESSTATE            
424 :                     i);ri;};tfi(ti,ti){dti;dt     $S;};ErN;MM)E       
425 : E->iM               i);ri;};tfi(ti,ti){dti;dt     $S;};ErN;MM)E       
425 : SAVESTATE:          11
425 :                     i);ri;};tfi(ti,ti){dti;dt     $S;};ErN;MM)Mi      
426 :                     );ri;};tfi(ti,ti){dti;dt(     $S;};ErN;MM)M       
427 : TNS_NORULECHAIN/NS_NORULE
427 : RESSTATE            
427 :                     i);ri;};tfi(ti,ti){dti;dt     $S;};ErN;MM)E       
428 : TNS_NORULECHAIN/NS_NORULE
428 : RESSTATE            
428 :                     +i);ri;};tfi(ti,ti){dti;d     $S;};ErN;MM)M       
429 : M->+EM              +i);ri;};tfi(ti,ti){dti;d     $S;};ErN;MM)M       
429 : SAVESTATE:          10
429 :                     +i);ri;};tfi(ti,ti){dti;d     $S;};ErN;MM)ME+     
430 :                     i);ri;};tfi(ti,ti){dti;dt     $S;};ErN;MM)ME      
431 : E->i                i);ri;};tfi(ti,ti){dti;dt     $S;};ErN;MM)ME      
431 : SAVESTATE:          11
431 :                     i);ri;};tfi(ti,ti){dti;dt     $S;};ErN;MM)Mi      
432 :                     );ri;};tfi(ti,ti){dti;dt(     $S;};ErN;MM)M       
433 : TNS_NORULECHAIN/NS_NORULE
433 : RESSTATE            
433 :                     i);ri;};tfi(ti,ti){dti;dt     $S;};ErN;MM)ME      
434 : E->iM               i);ri;};tfi(ti,ti){dti;dt     $S;};ErN;MM)ME      
434 : SAVESTATE:          11
434 :                     i);ri;};tfi(ti,ti){dti;dt     $S;};ErN;MM)MMi     
435 :                     );ri;};tfi(ti,ti){dti;dt(     $S;};ErN;MM)MM      
436 : TNS_NORULECHAIN/NS_NORULE
436 : RESSTATE            
436 :                     i);ri;};tfi(ti,ti){dti;dt     $S;};ErN;MM)ME      
437 : TNS_NORULECHAIN/NS_NORULE
437 : RESSTATE            
437 :                     +i);ri;};tfi(ti,ti){dti;d     $S;};ErN;MM)M       
438 : TNS_NORULECHAIN/NS_NORULE
438 : RESSTATE            
438 :                     i+i);ri;};tfi(ti,ti){dti;     $S;};ErN;MM)E       
439 : TNS_NORULECHAIN/NS_NORULE
439 : RESSTATE            
439 :                     (i+i);ri;};tfi(ti,ti){dti     $S;};ErN;ME         
440 : TNS_NORULECHAIN/NS_NORULE
440 : RESSTATE            
440 :                     *(i+i);ri;};tfi(ti,ti){dt     $S;};ErN;M          
441 : TNS_NORULECHAIN/NS_NORULE
441 : RESSTATE            
441 :                     i*(i+i);ri;};tfi(ti,ti){d     $S;};ErN;E          
442 : TNS_NORULECHAIN/NS_NORULE
442 : RESSTATE            
442 :                     i=i*(i+i);ri;};tfi(ti,ti)     $S;};ErN            
443 : TNS_NORULECHAIN/NS_NORULE
443 : RESSTATE            
443 :                     dti;i=i*(i+i);ri;};tfi(ti     $S;};ErN            
444 : N->dtfi(F);N        dti;i=i*(i+i);ri;};tfi(ti     $S;};ErN            
444 : SAVESTATE:          4
444 :                     dti;i=i*(i+i);ri;};tfi(ti     $S;};ErN;)F(iftd    
445 :                     ti;i=i*(i+i);ri;};tfi(ti,     $S;};ErN;)F(ift     
446 :                     i;i=i*(i+i);ri;};tfi(ti,t     $S;};ErN;)F(if      
447 : TS_NOK/NS_NORULECHAIN
447 : RESSTATE            
447 :                     dti;i=i*(i+i);ri;};tfi(ti     $S;};ErN            
448 : TNS_NORULECHAIN/NS_NORULE
448 : RESSTATE            
448 :                     ti){dti;i=i*(i+i);ri;};tf     $S;};ErN{)F         
449 : TNS_NORULECHAIN/NS_NORULE
449 : RESSTATE            
449 :                     ti,ti){dti;i=i*(i+i);ri;}     $S;};ErN{)F         
450 : F->ti               ti,ti){dti;i=i*(i+i);ri;}     $S;};ErN{)F         
450 : SAVESTATE:          2
450 :                     ti,ti){dti;i=i*(i+i);ri;}     $S;};ErN{)it        
451 :                     i,ti){dti;i=i*(i+i);ri;};     $S;};ErN{)i         
452 :                     ,ti){dti;i=i*(i+i);ri;};t     $S;};ErN{)          
453 : TS_NOK/NS_NORULECHAIN
453 : RESSTATE            
453 :                     ti,ti){dti;i=i*(i+i);ri;}     $S;};ErN{)F         
454 : TNS_NORULECHAIN/NS_NORULE
454 : RESSTATE            
454 :                     tfi(ti,ti){dti;i=i*(i+i);     $S                  
455 : S->tfi(F){NrE;};    tfi(ti,ti){dti;i=i*(i+i);     $S                  
455 : SAVESTATE:          1
455 :                     tfi(ti,ti){dti;i=i*(i+i);     $;};ErN{)F(ift      
456 :                     fi(ti,ti){dti;i=i*(i+i);r     $;};ErN{)F(if       
457 :                     i(ti,ti){dti;i=i*(i+i);ri     $;};ErN{)F(i        
458 :                     (ti,ti){dti;i=i*(i+i);ri;     $;};ErN{)F(         
459 :                     ti,ti){dti;i=i*(i+i);ri;}     $;};ErN{)F          
460 : F->ti,F             ti,ti){dti;i=i*(i+i);ri;}     $;};ErN{)F          
460 : SAVESTATE:          2
460 :                     ti,ti){dti;i=i*(i+i);ri;}     $;};ErN{)F,it       
461 :                     i,ti){dti;i=i*(i+i);ri;};     $;};ErN{)F,i        
462 :                     ,ti){dti;i=i*(i+i);ri;};t     $;};ErN{)F,         
463 :                     ti){dti;i=i*(i+i);ri;};tf     $;};ErN{)F          
464 : F->ti,F             ti){dti;i=i*(i+i);ri;};tf     $;};ErN{)F          
464 : SAVESTATE:          3
464 :                     ti){dti;i=i*(i+i);ri;};tf     $;};ErN{)F,it       
465 :                     i){dti;i=i*(i+i);ri;};tfi     $;};ErN{)F,i        
466 :                     ){dti;i=i*(i+i);ri;};tfi(     $;};ErN{)F,         
467 : TS_NOK/NS_NORULECHAIN
467 : RESSTATE            
467 :                     ti){dti;i=i*(i+i);ri;};tf     $;};ErN{)F          
468 : F->ti               ti){dti;i=i*(i+i);ri;};tf     $;};ErN{)F          
468 : SAVESTATE:          3
468 :                     ti){dti;i=i*(i+i);ri;};tf     $;};ErN{)it         
469 :                     i){dti;i=i*(i+i);ri;};tfi     $;};ErN{)i          
470 :                     ){dti;i=i*(i+i);ri;};tfi(     $;};ErN{)           
471 :                     {dti;i=i*(i+i);ri;};tfi(t     $;};ErN{            
472 :                     dti;i=i*(i+i);ri;};tfi(ti     $;};ErN             
473 : N->dti;             dti;i=i*(i+i);ri;};tfi(ti     $;};ErN             
473 : SAVESTATE:          4
473 :                     dti;i=i*(i+i);ri;};tfi(ti     $;};Er;itd          
474 :                     ti;i=i*(i+i);ri;};tfi(ti,     $;};Er;it           
475 :                     i;i=i*(i+i);ri;};tfi(ti,t     $;};Er;i            
476 :                     ;i=i*(i+i);ri;};tfi(ti,ti     $;};Er;             
477 :                     i=i*(i+i);ri;};tfi(ti,ti)     $;};Er              
478 : TS_NOK/NS_NORULECHAIN
478 : RESSTATE            
478 :                     dti;i=i*(i+i);ri;};tfi(ti     $;};ErN             
479 : N->dtfi(F);         dti;i=i*(i+i);ri;};tfi(ti     $;};ErN             
479 : SAVESTATE:          4
479 :                     dti;i=i*(i+i);ri;};tfi(ti     $;};Er;)F(iftd      
480 :                     ti;i=i*(i+i);ri;};tfi(ti,     $;};Er;)F(ift       
481 :                     i;i=i*(i+i);ri;};tfi(ti,t     $;};Er;)F(if        
482 : TS_NOK/NS_NORULECHAIN
482 : RESSTATE            
482 :                     dti;i=i*(i+i);ri;};tfi(ti     $;};ErN             
483 : N->dti;N            dti;i=i*(i+i);ri;};tfi(ti     $;};ErN             
483 : SAVESTATE:          4
483 :                     dti;i=i*(i+i);ri;};tfi(ti     $;};ErN;itd         
484 :                     ti;i=i*(i+i);ri;};tfi(ti,     $;};ErN;it          
485 :                     i;i=i*(i+i);ri;};tfi(ti,t     $;};ErN;i           
486 :                     ;i=i*(i+i);ri;};tfi(ti,ti     $;};ErN;            
487 :                     i=i*(i+i);ri;};tfi(ti,ti)     $;};ErN             
488 : N->i=E;             i=i*(i+i);ri;};tfi(ti,ti)     $;};ErN             
488 : SAVESTATE:          5
488 :                     i=i*(i+i);ri;};tfi(ti,ti)     $;};Er;E=i          
489 :                     =i*(i+i);ri;};tfi(ti,ti){     $;};Er;E=           
490 :                     i*(i+i);ri;};tfi(ti,ti){d     $;};Er;E            
491 : E->i                i*(i+i);ri;};tfi(ti,ti){d     $;};Er;E            
491 : SAVESTATE:          6
491 :                     i*(i+i);ri;};tfi(ti,ti){d     $;};Er;i            
492 :                     *(i+i);ri;};tfi(ti,ti){dt     $;};Er;             
493 : TS_NOK/NS_NORULECHAIN
493 : RESSTATE            
493 :                     i*(i+i);ri;};tfi(ti,ti){d     $;};Er;E            
494 : E->iM               i*(i+i);ri;};tfi(ti,ti){d     $;};Er;E            
494 : SAVESTATE:          6
494 :                     i*(i+i);ri;};tfi(ti,ti){d     $;};Er;Mi           
495 :                     *(i+i);ri;};tfi(ti,ti){dt     $;};Er;M            
496 : M->*E               *(i+i);ri;};tfi(ti,ti){dt     $;};Er;M            
496 : SAVESTATE:          7
496 :                     *(i+i);ri;};tfi(ti,ti){dt     $;};Er;E*           
497 :                     (i+i);ri;};tfi(ti,ti){dti     $;};Er;E            
498 : E->(E)              (i+i);ri;};tfi(ti,ti){dti     $;};Er;E            
498 : SAVESTATE:          8
498 :                     (i+i);ri;};tfi(ti,ti){dti     $;};Er;)E(          
499 :                     i+i);ri;};tfi(ti,ti){dti;     $;};Er;)E           
500 : E->i                i+i);ri;};tfi(ti,ti){dti;     $;};Er;)E           
500 : SAVESTATE:          9
500 :                     i+i);ri;};tfi(ti,ti){dti;     $;};Er;)i           
501 :                     +i);ri;};tfi(ti,ti){dti;d     $;};Er;)            
502 : TS_NOK/NS_NORULECHAIN
502 : RESSTATE            
502 :                     i+i);ri;};tfi(ti,ti){dti;     $;};Er;)E           
503 : E->iM               i+i);ri;};tfi(ti,ti){dti;     $;};Er;)E           
503 : SAVESTATE:          9
503 :                     i+i);ri;};tfi(ti,ti){dti;     $;};Er;)Mi          
504 :                     +i);ri;};tfi(ti,ti){dti;d     $;};Er;)M           
505 : M->+E               +i);ri;};tfi(ti,ti){dti;d     $;};Er;)M           
505 : SAVESTATE:          10
505 :                     +i);ri;};tfi(ti,ti){dti;d     $;};Er;)E+          
506 :                     i);ri;};tfi(ti,ti){dti;dt     $;};Er;)E           
507 : E->i                i);ri;};tfi(ti,ti){dti;dt     $;};Er;)E           
507 : SAVESTATE:          11
507 :                     i);ri;};tfi(ti,ti){dti;dt     $;};Er;)i           
508 :                     );ri;};tfi(ti,ti){dti;dt(     $;};Er;)            
509 :                     ;ri;};tfi(ti,ti){dti;dt(t     $;};Er;             
510 :                     ri;};tfi(ti,ti){dti;dt(ti     $;};Er              
511 :                     i;};tfi(ti,ti){dti;dt(ti,     $;};E               
512 : E->i                i;};tfi(ti,ti){dti;dt(ti,     $;};E               
512 : SAVESTATE:          12
512 :                     i;};tfi(ti,ti){dti;dt(ti,     $;};i               
513 :                     ;};tfi(ti,ti){dti;dt(ti,t     $;};                
514 :                     };tfi(ti,ti){dti;dt(ti,ti     $;}                 
515 :                     ;tfi(ti,ti){dti;dt(ti,ti)     $;                  
516 :                     tfi(ti,ti){dti;dt(ti,ti);     $                   
517 : TS_NOK/NS_NORULECHAIN
517 : RESSTATE            
517 :                     i;};tfi(ti,ti){dti;dt(ti,     $;};E               
518 : E->iM               i;};tfi(ti,ti){dti;dt(ti,     $;};E               
518 : SAVESTATE:          12
518 :                     i;};tfi(ti,ti){dti;dt(ti,     $;};Mi              
519 :                     ;};tfi(ti,ti){dti;dt(ti,t     $;};M               
520 : TNS_NORULECHAIN/NS_NORULE
520 : RESSTATE            
520 :                     i;};tfi(ti,ti){dti;dt(ti,     $;};E               
521 : TNS_NORULECHAIN/NS_NORULE
521 : RESSTATE            
521 :                     i);ri;};tfi(ti,ti){dti;dt     $;};Er;)E           
522 : E->iM               i);ri;};tfi(ti,ti){dti;dt     $;};Er;)E           
522 : SAVESTATE:          11
522 :                     i);ri;};tfi(ti,ti){dti;dt     $;};Er;)Mi          
523 :                     );ri;};tfi(ti,ti){dti;dt(     $;};Er;)M           
524 : TNS_NORULECHAIN/NS_NORULE
524 : RESSTATE            
524 :                     i);ri;};tfi(ti,ti){dti;dt     $;};Er;)E           
525 : TNS_NORULECHAIN/NS_NORULE
525 : RESSTATE            
525 :                     +i);ri;};tfi(ti,ti){dti;d     $;};Er;)M           
526 : M->+EM              +i);ri;};tfi(ti,ti){dti;d     $;};Er;)M           
526 : SAVESTATE:          10
526 :                     +i);ri;};tfi(ti,ti){dti;d     $;};Er;)ME+         
527 :                     i);ri;};tfi(ti,ti){dti;dt     $;};Er;)ME          
528 : E->i                i);ri;};tfi(ti,ti){dti;dt     $;};Er;)ME          
528 : SAVESTATE:          11
528 :                     i);ri;};tfi(ti,ti){dti;dt     $;};Er;)Mi          
529 :                     );ri;};tfi(ti,ti){dti;dt(     $;};Er;)M           
530 : TNS_NORULECHAIN/NS_NORULE
530 : RESSTATE            
530 :                     i);ri;};tfi(ti,ti){dti;dt     $;};Er;)ME          
531 : E->iM               i);ri;};tfi(ti,ti){dti;dt     $;};Er;)ME          
531 : SAVESTATE:          11
531 :                     i);ri;};tfi(ti,ti){dti;dt     $;};Er;)MMi         
532 :                     );ri;};tfi(ti,ti){dti;dt(     $;};Er;)MM          
533 : TNS_NORULECHAIN/NS_NORULE
533 : RESSTATE            
533 :                     i);ri;};tfi(ti,ti){dti;dt     $;};Er;)ME          
534 : TNS_NORULECHAIN/NS_NORULE
534 : RESSTATE            
534 :                     +i);ri;};tfi(ti,ti){dti;d     $;};Er;)M           
535 : TNS_NORULECHAIN/NS_NORULE
535 : RESSTATE            
535 :                     i+i);ri;};tfi(ti,ti){dti;     $;};Er;)E           
536 : TNS_NORULECHAIN/NS_NORULE
536 : RESSTATE            
536 :                     (i+i);ri;};tfi(ti,ti){dti     $;};Er;E            
537 : E->(E)M             (i+i);ri;};tfi(ti,ti){dti     $;};Er;E            
537 : SAVESTATE:          8
537 :                     (i+i);ri;};tfi(ti,ti){dti     $;};Er;M)E(         
538 :                     i+i);ri;};tfi(ti,ti){dti;     $;};Er;M)E          
539 : E->i                i+i);ri;};tfi(ti,ti){dti;     $;};Er;M)E          
539 : SAVESTATE:          9
539 :                     i+i);ri;};tfi(ti,ti){dti;     $;};Er;M)i          
540 :                     +i);ri;};tfi(ti,ti){dti;d     $;};Er;M)           
541 : TS_NOK/NS_NORULECHAIN
541 : RESSTATE            
541 :                     i+i);ri;};tfi(ti,ti){dti;     $;};Er;M)E          
542 : E->iM               i+i);ri;};tfi(ti,ti){dti;     $;};Er;M)E          
542 : SAVESTATE:          9
542 :                     i+i);ri;};tfi(ti,ti){dti;     $;};Er;M)Mi         
543 :                     +i);ri;};tfi(ti,ti){dti;d     $;};Er;M)M          
544 : M->+E               +i);ri;};tfi(ti,ti){dti;d     $;};Er;M)M          
544 : SAVESTATE:          10
544 :                     +i);ri;};tfi(ti,ti){dti;d     $;};Er;M)E+         
545 :                     i);ri;};tfi(ti,ti){dti;dt     $;};Er;M)E          
546 : E->i                i);ri;};tfi(ti,ti){dti;dt     $;};Er;M)E          
546 : SAVESTATE:          11
546 :                     i);ri;};tfi(ti,ti){dti;dt     $;};Er;M)i          
547 :                     );ri;};tfi(ti,ti){dti;dt(     $;};Er;M)           
548 :                     ;ri;};tfi(ti,ti){dti;dt(t     $;};Er;M            
549 : TNS_NORULECHAIN/NS_NORULE
549 : RESSTATE            
549 :                     i);ri;};tfi(ti,ti){dti;dt     $;};Er;M)E          
550 : E->iM               i);ri;};tfi(ti,ti){dti;dt     $;};Er;M)E          
550 : SAVESTATE:          11
550 :                     i);ri;};tfi(ti,ti){dti;dt     $;};Er;M)Mi         
551 :                     );ri;};tfi(ti,ti){dti;dt(     $;};Er;M)M          
552 : TNS_NORULECHAIN/NS_NORULE
552 : RESSTATE            
552 :                     i);ri;};tfi(ti,ti){dti;dt     $;};Er;M)E          
553 : TNS_NORULECHAIN/NS_NORULE
553 : RESSTATE            
553 :                     +i);ri;};tfi(ti,ti){dti;d     $;};Er;M)M          
554 : M->+EM              +i);ri;};tfi(ti,ti){dti;d     $;};Er;M)M          
554 : SAVESTATE:          10
554 :                     +i);ri;};tfi(ti,ti){dti;d     $;};Er;M)ME+        
555 :                     i);ri;};tfi(ti,ti){dti;dt     $;};Er;M)ME         
556 : E->i                i);ri;};tfi(ti,ti){dti;dt     $;};Er;M)ME         
556 : SAVESTATE:          11
556 :                     i);ri;};tfi(ti,ti){dti;dt     $;};Er;M)Mi         
557 :                     );ri;};tfi(ti,ti){dti;dt(     $;};Er;M)M          
558 : TNS_NORULECHAIN/NS_NORULE
558 : RESSTATE            
558 :                     i);ri;};tfi(ti,ti){dti;dt     $;};Er;M)ME         
559 : E->iM               i);ri;};tfi(ti,ti){dti;dt     $;};Er;M)ME         
559 : SAVESTATE:          11
559 :                     i);ri;};tfi(ti,ti){dti;dt     $;};Er;M)MMi        
560 :                     );ri;};tfi(ti,ti){dti;dt(     $;};Er;M)MM         
561 : TNS_NORULECHAIN/NS_NORULE
561 : RESSTATE            
561 :                     i);ri;};tfi(ti,ti){dti;dt     $;};Er;M)ME         
562 : TNS_NORULECHAIN/NS_NORULE
562 : RESSTATE            
562 :                     +i);ri;};tfi(ti,ti){dti;d     $;};Er;M)M          
563 : TNS_NORULECHAIN/NS_NORULE
563 : RESSTATE            
563 :                     i+i);ri;};tfi(ti,ti){dti;     $;};Er;M)E          
564 : TNS_NORULECHAIN/NS_NORULE
564 : RESSTATE            
564 :                     (i+i);ri;};tfi(ti,ti){dti     $;};Er;E            
565 : TNS_NORULECHAIN/NS_NORULE
565 : RESSTATE            
565 :                     *(i+i);ri;};tfi(ti,ti){dt     $;};Er;M            
566 : M->*EM              *(i+i);ri;};tfi(ti,ti){dt     $;};Er;M            
566 : SAVESTATE:          7
566 :                     *(i+i);ri;};tfi(ti,ti){dt     $;};Er;ME*          
567 :                     (i+i);ri;};tfi(ti,ti){dti     $;};Er;ME           
568 : E->(E)              (i+i);ri;};tfi(ti,ti){dti     $;};Er;ME           
568 : SAVESTATE:          8
568 :                     (i+i);ri;};tfi(ti,ti){dti     $;};Er;M)E(         
569 :                     i+i);ri;};tfi(ti,ti){dti;     $;};Er;M)E          
570 : E->i                i+i);ri;};tfi(ti,ti){dti;     $;};Er;M)E          
570 : SAVESTATE:          9
570 :                     i+i);ri;};tfi(ti,ti){dti;     $;};Er;M)i          
571 :                     +i);ri;};tfi(ti,ti){dti;d     $;};Er;M)           
572 : TS_NOK/NS_NORULECHAIN
572 : RESSTATE            
572 :                     i+i);ri;};tfi(ti,ti){dti;     $;};Er;M)E          
573 : E->iM               i+i);ri;};tfi(ti,ti){dti;     $;};Er;M)E          
573 : SAVESTATE:          9
573 :                     i+i);ri;};tfi(ti,ti){dti;     $;};Er;M)Mi         
574 :                     +i);ri;};tfi(ti,ti){dti;d     $;};Er;M)M          
575 : M->+E               +i);ri;};tfi(ti,ti){dti;d     $;};Er;M)M          
575 : SAVESTATE:          10
575 :                     +i);ri;};tfi(ti,ti){dti;d     $;};Er;M)E+         
576 :                     i);ri;};tfi(ti,ti){dti;dt     $;};Er;M)E          
577 : E->i                i);ri;};tfi(ti,ti){dti;dt     $;};Er;M)E          
577 : SAVESTATE:          11
577 :                     i);ri;};tfi(ti,ti){dti;dt     $;};Er;M)i          
578 :                     );ri;};tfi(ti,ti){dti;dt(     $;};Er;M)           
579 :                     ;ri;};tfi(ti,ti){dti;dt(t     $;};Er;M            
580 : TNS_NORULECHAIN/NS_NORULE
580 : RESSTATE            
580 :                     i);ri;};tfi(ti,ti){dti;dt     $;};Er;M)E          
581 : E->iM               i);ri;};tfi(ti,ti){dti;dt     $;};Er;M)E          
581 : SAVESTATE:          11
581 :                     i);ri;};tfi(ti,ti){dti;dt     $;};Er;M)Mi         
582 :                     );ri;};tfi(ti,ti){dti;dt(     $;};Er;M)M          
583 : TNS_NORULECHAIN/NS_NORULE
583 : RESSTATE            
583 :                     i);ri;};tfi(ti,ti){dti;dt     $;};Er;M)E          
584 : TNS_NORULECHAIN/NS_NORULE
584 : RESSTATE            
584 :                     +i);ri;};tfi(ti,ti){dti;d     $;};Er;M)M          
585 : M->+EM              +i);ri;};tfi(ti,ti){dti;d     $;};Er;M)M          
585 : SAVESTATE:          10
585 :                     +i);ri;};tfi(ti,ti){dti;d     $;};Er;M)ME+        
586 :                     i);ri;};tfi(ti,ti){dti;dt     $;};Er;M)ME         
587 : E->i                i);ri;};tfi(ti,ti){dti;dt     $;};Er;M)ME         
587 : SAVESTATE:          11
587 :                     i);ri;};tfi(ti,ti){dti;dt     $;};Er;M)Mi         
588 :                     );ri;};tfi(ti,ti){dti;dt(     $;};Er;M)M          
589 : TNS_NORULECHAIN/NS_NORULE
589 : RESSTATE            
589 :                     i);ri;};tfi(ti,ti){dti;dt     $;};Er;M)ME         
590 : E->iM               i);ri;};tfi(ti,ti){dti;dt     $;};Er;M)ME         
590 : SAVESTATE:          11
590 :                     i);ri;};tfi(ti,ti){dti;dt     $;};Er;M)MMi        
591 :                     );ri;};tfi(ti,ti){dti;dt(     $;};Er;M)MM         
592 : TNS_NORULECHAIN/NS_NORULE
592 : RESSTATE            
592 :                     i);ri;};tfi(ti,ti){dti;dt     $;};Er;M)ME         
593 : TNS_NORULECHAIN/NS_NORULE
593 : RESSTATE            
593 :                     +i);ri;};tfi(ti,ti){dti;d     $;};Er;M)M          
594 : TNS_NORULECHAIN/NS_NORULE
594 : RESSTATE            
594 :                     i+i);ri;};tfi(ti,ti){dti;     $;};Er;M)E          
595 : TNS_NORULECHAIN/NS_NORULE
595 : RESSTATE            
595 :                     (i+i);ri;};tfi(ti,ti){dti     $;};Er;ME           
596 : E->(E)M             (i+i);ri;};tfi(ti,ti){dti     $;};Er;ME           
596 : SAVESTATE:          8
596 :                     (i+i);ri;};tfi(ti,ti){dti     $;};Er;MM)E(        
597 :                     i+i);ri;};tfi(ti,ti){dti;     $;};Er;MM)E         
598 : E->i                i+i);ri;};tfi(ti,ti){dti;     $;};Er;MM)E         
598 : SAVESTATE:          9
598 :                     i+i);ri;};tfi(ti,ti){dti;     $;};Er;MM)i         
599 :                     +i);ri;};tfi(ti,ti){dti;d     $;};Er;MM)          
600 : TS_NOK/NS_NORULECHAIN
600 : RESSTATE            
600 :                     i+i);ri;};tfi(ti,ti){dti;     $;};Er;MM)E         
601 : E->iM               i+i);ri;};tfi(ti,ti){dti;     $;};Er;MM)E         
601 : SAVESTATE:          9
601 :                     i+i);ri;};tfi(ti,ti){dti;     $;};Er;MM)Mi        
602 :                     +i);ri;};tfi(ti,ti){dti;d     $;};Er;MM)M         
603 : M->+E               +i);ri;};tfi(ti,ti){dti;d     $;};Er;MM)M         
603 : SAVESTATE:          10
603 :                     +i);ri;};tfi(ti,ti){dti;d     $;};Er;MM)E+        
604 :                     i);ri;};tfi(ti,ti){dti;dt     $;};Er;MM)E         
605 : E->i                i);ri;};tfi(ti,ti){dti;dt     $;};Er;MM)E         
605 : SAVESTATE:          11
605 :                     i);ri;};tfi(ti,ti){dti;dt     $;};Er;MM)i         
606 :                     );ri;};tfi(ti,ti){dti;dt(     $;};Er;MM)          
607 :                     ;ri;};tfi(ti,ti){dti;dt(t     $;};Er;MM           
608 : TNS_NORULECHAIN/NS_NORULE
608 : RESSTATE            
608 :                     i);ri;};tfi(ti,ti){dti;dt     $;};Er;MM)E         
609 : E->iM               i);ri;};tfi(ti,ti){dti;dt     $;};Er;MM)E         
609 : SAVESTATE:          11
609 :                     i);ri;};tfi(ti,ti){dti;dt     $;};Er;MM)Mi        
610 :                     );ri;};tfi(ti,ti){dti;dt(     $;};Er;MM)M         
611 : TNS_NORULECHAIN/NS_NORULE
611 : RESSTATE            
611 :                     i);ri;};tfi(ti,ti){dti;dt     $;};Er;MM)E         
612 : TNS_NORULECHAIN/NS_NORULE
612 : RESSTATE            
612 :                     +i);ri;};tfi(ti,ti){dti;d     $;};Er;MM)M         
613 : M->+EM              +i);ri;};tfi(ti,ti){dti;d     $;};Er;MM)M         
613 : SAVESTATE:          10
613 :                     +i);ri;};tfi(ti,ti){dti;d     $;};Er;MM)ME+       
614 :                     i);ri;};tfi(ti,ti){dti;dt     $;};Er;MM)ME        
615 : E->i                i);ri;};tfi(ti,ti){dti;dt     $;};Er;MM)ME        
615 : SAVESTATE:          11
615 :                     i);ri;};tfi(ti,ti){dti;dt     $;};Er;MM)Mi        
616 :                     );ri;};tfi(ti,ti){dti;dt(     $;};Er;MM)M         
617 : TNS_NORULECHAIN/NS_NORULE
617 : RESSTATE            
617 :                     i);ri;};tfi(ti,ti){dti;dt     $;};Er;MM)ME        
618 : E->iM               i);ri;};tfi(ti,ti){dti;dt     $;};Er;MM)ME        
618 : SAVESTATE:          11
618 :                     i);ri;};tfi(ti,ti){dti;dt     $;};Er;MM)MMi       
619 :                     );ri;};tfi(ti,ti){dti;dt(     $;};Er;MM)MM        
620 : TNS_NORULECHAIN/NS_NORULE
620 : RESSTATE            
620 :                     i);ri;};tfi(ti,ti){dti;dt     $;};Er;MM)ME        
621 : TNS_NORULECHAIN/NS_NORULE
621 : RESSTATE            
621 :                     +i);ri;};tfi(ti,ti){dti;d     $;};Er;MM)M         
622 : TNS_NORULECHAIN/NS_NORULE
622 : RESSTATE            
622 :                     i+i);ri;};tfi(ti,ti){dti;     $;};Er;MM)E         
623 : TNS_NORULECHAIN/NS_NORULE
623 : RESSTATE            
623 :                     (i+i);ri;};tfi(ti,ti){dti     $;};Er;ME           
624 : TNS_NORULECHAIN/NS_NORULE
624 : RESSTATE            
624 :                     *(i+i);ri;};tfi(ti,ti){dt     $;};Er;M            
625 : TNS_NORULECHAIN/NS_NORULE
625 : RESSTATE            
625 :                     i*(i+i);ri;};tfi(ti,ti){d     $;};Er;E            
626 : TNS_NORULECHAIN/NS_NORULE
626 : RESSTATE            
626 :                     i=i*(i+i);ri;};tfi(ti,ti)     $;};ErN             
627 : N->i=E;N            i=i*(i+i);ri;};tfi(ti,ti)     $;};ErN             
627 : SAVESTATE:          5
627 :                     i=i*(i+i);ri;};tfi(ti,ti)     $;};ErN;E=i         
628 :                     =i*(i+i);ri;};tfi(ti,ti){     $;};ErN;E=          
629 :                     i*(i+i);ri;};tfi(ti,ti){d     $;};ErN;E           
630 : E->i                i*(i+i);ri;};tfi(ti,ti){d     $;};ErN;E           
630 : SAVESTATE:          6
630 :                     i*(i+i);ri;};tfi(ti,ti){d     $;};ErN;i           
631 :                     *(i+i);ri;};tfi(ti,ti){dt     $;};ErN;            
632 : TS_NOK/NS_NORULECHAIN
632 : RESSTATE            
632 :                     i*(i+i);ri;};tfi(ti,ti){d     $;};ErN;E           
633 : E->iM               i*(i+i);ri;};tfi(ti,ti){d     $;};ErN;E           
633 : SAVESTATE:          6
633 :                     i*(i+i);ri;};tfi(ti,ti){d     $;};ErN;Mi          
634 :                     *(i+i);ri;};tfi(ti,ti){dt     $;};ErN;M           
635 : M->*E               *(i+i);ri;};tfi(ti,ti){dt     $;};ErN;M           
635 : SAVESTATE:          7
635 :                     *(i+i);ri;};tfi(ti,ti){dt     $;};ErN;E*          
636 :                     (i+i);ri;};tfi(ti,ti){dti     $;};ErN;E           
637 : E->(E)              (i+i);ri;};tfi(ti,ti){dti     $;};ErN;E           
637 : SAVESTATE:          8
637 :                     (i+i);ri;};tfi(ti,ti){dti     $;};ErN;)E(         
638 :                     i+i);ri;};tfi(ti,ti){dti;     $;};ErN;)E          
639 : E->i                i+i);ri;};tfi(ti,ti){dti;     $;};ErN;)E          
639 : SAVESTATE:          9
639 :                     i+i);ri;};tfi(ti,ti){dti;     $;};ErN;)i          
640 :                     +i);ri;};tfi(ti,ti){dti;d     $;};ErN;)           
641 : TS_NOK/NS_NORULECHAIN
641 : RESSTATE            
641 :                     i+i);ri;};tfi(ti,ti){dti;     $;};ErN;)E          
642 : E->iM               i+i);ri;};tfi(ti,ti){dti;     $;};ErN;)E          
642 : SAVESTATE:          9
642 :                     i+i);ri;};tfi(ti,ti){dti;     $;};ErN;)Mi         
643 :                     +i);ri;};tfi(ti,ti){dti;d     $;};ErN;)M          
644 : M->+E               +i);ri;};tfi(ti,ti){dti;d     $;};ErN;)M          
644 : SAVESTATE:          10
644 :                     +i);ri;};tfi(ti,ti){dti;d     $;};ErN;)E+         
645 :                     i);ri;};tfi(ti,ti){dti;dt     $;};ErN;)E          
646 : E->i                i);ri;};tfi(ti,ti){dti;dt     $;};ErN;)E          
646 : SAVESTATE:          11
646 :                     i);ri;};tfi(ti,ti){dti;dt     $;};ErN;)i          
647 :                     );ri;};tfi(ti,ti){dti;dt(     $;};ErN;)           
648 :                     ;ri;};tfi(ti,ti){dti;dt(t     $;};ErN;            
649 :                     ri;};tfi(ti,ti){dti;dt(ti     $;};ErN             
650 : N->rE;              ri;};tfi(ti,ti){dti;dt(ti     $;};ErN             
650 : SAVESTATE:          12
650 :                     ri;};tfi(ti,ti){dti;dt(ti     $;};Er;Er           
651 :                     i;};tfi(ti,ti){dti;dt(ti,     $;};Er;E            
652 : E->i                i;};tfi(ti,ti){dti;dt(ti,     $;};Er;E            
652 : SAVESTATE:          13
652 :                     i;};tfi(ti,ti){dti;dt(ti,     $;};Er;i            
653 :                     ;};tfi(ti,ti){dti;dt(ti,t     $;};Er;             
654 :                     };tfi(ti,ti){dti;dt(ti,ti     $;};Er              
655 : TS_NOK/NS_NORULECHAIN
655 : RESSTATE            
655 :                     i;};tfi(ti,ti){dti;dt(ti,     $;};Er;E            
656 : E->iM               i;};tfi(ti,ti){dti;dt(ti,     $;};Er;E            
656 : SAVESTATE:          13
656 :                     i;};tfi(ti,ti){dti;dt(ti,     $;};Er;Mi           
657 :                     ;};tfi(ti,ti){dti;dt(ti,t     $;};Er;M            
658 : TNS_NORULECHAIN/NS_NORULE
658 : RESSTATE            
658 :                     i;};tfi(ti,ti){dti;dt(ti,     $;};Er;E            
659 : TNS_NORULECHAIN/NS_NORULE
659 : RESSTATE            
659 :                     ri;};tfi(ti,ti){dti;dt(ti     $;};ErN             
660 : N->rE;N             ri;};tfi(ti,ti){dti;dt(ti     $;};ErN             
660 : SAVESTATE:          12
660 :                     ri;};tfi(ti,ti){dti;dt(ti     $;};ErN;Er          
661 :                     i;};tfi(ti,ti){dti;dt(ti,     $;};ErN;E           
662 : E->i                i;};tfi(ti,ti){dti;dt(ti,     $;};ErN;E           
662 : SAVESTATE:          13
662 :                     i;};tfi(ti,ti){dti;dt(ti,     $;};ErN;i           
663 :                     ;};tfi(ti,ti){dti;dt(ti,t     $;};ErN;            
664 :                     };tfi(ti,ti){dti;dt(ti,ti     $;};ErN             
665 : TNS_NORULECHAIN/NS_NORULE
665 : RESSTATE            
665 :                     i;};tfi(ti,ti){dti;dt(ti,     $;};ErN;E           
666 : E->iM               i;};tfi(ti,ti){dti;dt(ti,     $;};ErN;E           
666 : SAVESTATE:          13
666 :                     i;};tfi(ti,ti){dti;dt(ti,     $;};ErN;Mi          
667 :                     ;};tfi(ti,ti){dti;dt(ti,t     $;};ErN;M           
668 : TNS_NORULECHAIN/NS_NORULE
668 : RESSTATE            
668 :                     i;};tfi(ti,ti){dti;dt(ti,     $;};ErN;E           
669 : TNS_NORULECHAIN/NS_NORULE
669 : RESSTATE            
669 :                     ri;};tfi(ti,ti){dti;dt(ti     $;};ErN             
670 : TNS_NORULECHAIN/NS_NORULE
670 : RESSTATE            
670 :                     i);ri;};tfi(ti,ti){dti;dt     $;};ErN;)E          
671 : E->iM               i);ri;};tfi(ti,ti){dti;dt     $;};ErN;)E          
671 : SAVESTATE:          11
671 :                     i);ri;};tfi(ti,ti){dti;dt     $;};ErN;)Mi         
672 :                     );ri;};tfi(ti,ti){dti;dt(     $;};ErN;)M          
673 : TNS_NORULECHAIN/NS_NORULE
673 : RESSTATE            
673 :                     i);ri;};tfi(ti,ti){dti;dt     $;};ErN;)E          
674 : TNS_NORULECHAIN/NS_NORULE
674 : RESSTATE            
674 :                     +i);ri;};tfi(ti,ti){dti;d     $;};ErN;)M          
675 : M->+EM              +i);ri;};tfi(ti,ti){dti;d     $;};ErN;)M          
675 : SAVESTATE:          10
675 :                     +i);ri;};tfi(ti,ti){dti;d     $;};ErN;)ME+        
676 :                     i);ri;};tfi(ti,ti){dti;dt     $;};ErN;)ME         
677 : E->i                i);ri;};tfi(ti,ti){dti;dt     $;};ErN;)ME         
677 : SAVESTATE:          11
677 :                     i);ri;};tfi(ti,ti){dti;dt     $;};ErN;)Mi         
678 :                     );ri;};tfi(ti,ti){dti;dt(     $;};ErN;)M          
679 : TNS_NORULECHAIN/NS_NORULE
679 : RESSTATE            
679 :                     i);ri;};tfi(ti,ti){dti;dt     $;};ErN;)ME         
680 : E->iM               i);ri;};tfi(ti,ti){dti;dt     $;};ErN;)ME         
680 : SAVESTATE:          11
680 :                     i);ri;};tfi(ti,ti){dti;dt     $;};ErN;)MMi        
681 :                     );ri;};tfi(ti,ti){dti;dt(     $;};ErN;)MM         
682 : TNS_NORULECHAIN/NS_NORULE
682 : RESSTATE            
682 :                     i);ri;};tfi(ti,ti){dti;dt     $;};ErN;)ME         
683 : TNS_NORULECHAIN/NS_NORULE
683 : RESSTATE            
683 :                     +i);ri;};tfi(ti,ti){dti;d     $;};ErN;)M          
684 : TNS_NORULECHAIN/NS_NORULE
684 : RESSTATE            
684 :                     i+i);ri;};tfi(ti,ti){dti;     $;};ErN;)E          
685 : TNS_NORULECHAIN/NS_NORULE
685 : RESSTATE            
685 :                     (i+i);ri;};tfi(ti,ti){dti     $;};ErN;E           
686 : E->(E)M             (i+i);ri;};tfi(ti,ti){dti     $;};ErN;E           
686 : SAVESTATE:          8
686 :                     (i+i);ri;};tfi(ti,ti){dti     $;};ErN;M)E(        
687 :                     i+i);ri;};tfi(ti,ti){dti;     $;};ErN;M)E         
688 : E->i                i+i);ri;};tfi(ti,ti){dti;     $;};ErN;M)E         
688 : SAVESTATE:          9
688 :                     i+i);ri;};tfi(ti,ti){dti;     $;};ErN;M)i         
689 :                     +i);ri;};tfi(ti,ti){dti;d     $;};ErN;M)          
690 : TS_NOK/NS_NORULECHAIN
690 : RESSTATE            
690 :                     i+i);ri;};tfi(ti,ti){dti;     $;};ErN;M)E         
691 : E->iM               i+i);ri;};tfi(ti,ti){dti;     $;};ErN;M)E         
691 : SAVESTATE:          9
691 :                     i+i);ri;};tfi(ti,ti){dti;     $;};ErN;M)Mi        
692 :                     +i);ri;};tfi(ti,ti){dti;d     $;};ErN;M)M         
693 : M->+E               +i);ri;};tfi(ti,ti){dti;d     $;};ErN;M)M         
693 : SAVESTATE:          10
693 :                     +i);ri;};tfi(ti,ti){dti;d     $;};ErN;M)E+        
694 :                     i);ri;};tfi(ti,ti){dti;dt     $;};ErN;M)E         
695 : E->i                i);ri;};tfi(ti,ti){dti;dt     $;};ErN;M)E         
695 : SAVESTATE:          11
695 :                     i);ri;};tfi(ti,ti){dti;dt     $;};ErN;M)i         
696 :                     );ri;};tfi(ti,ti){dti;dt(     $;};ErN;M)          
697 :                     ;ri;};tfi(ti,ti){dti;dt(t     $;};ErN;M           
698 : TNS_NORULECHAIN/NS_NORULE
698 : RESSTATE            
698 :                     i);ri;};tfi(ti,ti){dti;dt     $;};ErN;M)E         
699 : E->iM               i);ri;};tfi(ti,ti){dti;dt     $;};ErN;M)E         
699 : SAVESTATE:          11
699 :                     i);ri;};tfi(ti,ti){dti;dt     $;};ErN;M)Mi        
700 :                     );ri;};tfi(ti,ti){dti;dt(     $;};ErN;M)M         
701 : TNS_NORULECHAIN/NS_NORULE
701 : RESSTATE            
701 :                     i);ri;};tfi(ti,ti){dti;dt     $;};ErN;M)E         
702 : TNS_NORULECHAIN/NS_NORULE
702 : RESSTATE            
702 :                     +i);ri;};tfi(ti,ti){dti;d     $;};ErN;M)M         
703 : M->+EM              +i);ri;};tfi(ti,ti){dti;d     $;};ErN;M)M         
703 : SAVESTATE:          10
703 :                     +i);ri;};tfi(ti,ti){dti;d     $;};ErN;M)ME+       
704 :                     i);ri;};tfi(ti,ti){dti;dt     $;};ErN;M)ME        
705 : E->i                i);ri;};tfi(ti,ti){dti;dt     $;};ErN;M)ME        
705 : SAVESTATE:          11
705 :                     i);ri;};tfi(ti,ti){dti;dt     $;};ErN;M)Mi        
706 :                     );ri;};tfi(ti,ti){dti;dt(     $;};ErN;M)M         
707 : TNS_NORULECHAIN/NS_NORULE
707 : RESSTATE            
707 :                     i);ri;};tfi(ti,ti){dti;dt     $;};ErN;M)ME        
708 : E->iM               i);ri;};tfi(ti,ti){dti;dt     $;};ErN;M)ME        
708 : SAVESTATE:          11
708 :                     i);ri;};tfi(ti,ti){dti;dt     $;};ErN;M)MMi       
709 :                     );ri;};tfi(ti,ti){dti;dt(     $;};ErN;M)MM        
710 : TNS_NORULECHAIN/NS_NORULE
710 : RESSTATE            
710 :                     i);ri;};tfi(ti,ti){dti;dt     $;};ErN;M)ME        
711 : TNS_NORULECHAIN/NS_NORULE
711 : RESSTATE            
711 :                     +i);ri;};tfi(ti,ti){dti;d     $;};ErN;M)M         
712 : TNS_NORULECHAIN/NS_NORULE
712 : RESSTATE            
712 :                     i+i);ri;};tfi(ti,ti){dti;     $;};ErN;M)E         
713 : TNS_NORULECHAIN/NS_NORULE
713 : RESSTATE            
713 :                     (i+i);ri;};tfi(ti,ti){dti     $;};ErN;E           
714 : TNS_NORULECHAIN/NS_NORULE
714 : RESSTATE            
714 :                     *(i+i);ri;};tfi(ti,ti){dt     $;};ErN;M           
715 : M->*EM              *(i+i);ri;};tfi(ti,ti){dt     $;};ErN;M           
715 : SAVESTATE:          7
715 :                     *(i+i);ri;};tfi(ti,ti){dt     $;};ErN;ME*         
716 :                     (i+i);ri;};tfi(ti,ti){dti     $;};ErN;ME          
717 : E->(E)              (i+i);ri;};tfi(ti,ti){dti     $;};ErN;ME          
717 : SAVESTATE:          8
717 :                     (i+i);ri;};tfi(ti,ti){dti     $;};ErN;M)E(        
718 :                     i+i);ri;};tfi(ti,ti){dti;     $;};ErN;M)E         
719 : E->i                i+i);ri;};tfi(ti,ti){dti;     $;};ErN;M)E         
719 : SAVESTATE:          9
719 :                     i+i);ri;};tfi(ti,ti){dti;     $;};ErN;M)i         
720 :                     +i);ri;};tfi(ti,ti){dti;d     $;};ErN;M)          
721 : TS_NOK/NS_NORULECHAIN
721 : RESSTATE            
721 :                     i+i);ri;};tfi(ti,ti){dti;     $;};ErN;M)E         
722 : E->iM               i+i);ri;};tfi(ti,ti){dti;     $;};ErN;M)E         
722 : SAVESTATE:          9
722 :                     i+i);ri;};tfi(ti,ti){dti;     $;};ErN;M)Mi        
723 :                     +i);ri;};tfi(ti,ti){dti;d     $;};ErN;M)M         
724 : M->+E               +i);ri;};tfi(ti,ti){dti;d     $;};ErN;M)M         
724 : SAVESTATE:          10
724 :                     +i);ri;};tfi(ti,ti){dti;d     $;};ErN;M)E+        
725 :                     i);ri;};tfi(ti,ti){dti;dt     $;};ErN;M)E         
726 : E->i                i);ri;};tfi(ti,ti){dti;dt     $;};ErN;M)E         
726 : SAVESTATE:          11
726 :                     i);ri;};tfi(ti,ti){dti;dt     $;};ErN;M)i         
727 :                     );ri;};tfi(ti,ti){dti;dt(     $;};ErN;M)          
728 :                     ;ri;};tfi(ti,ti){dti;dt(t     $;};ErN;M           
729 : TNS_NORULECHAIN/NS_NORULE
729 : RESSTATE            
729 :                     i);ri;};tfi(ti,ti){dti;dt     $;};ErN;M)E         
730 : E->iM               i);ri;};tfi(ti,ti){dti;dt     $;};ErN;M)E         
730 : SAVESTATE:          11
730 :                     i);ri;};tfi(ti,ti){dti;dt     $;};ErN;M)Mi        
731 :                     );ri;};tfi(ti,ti){dti;dt(     $;};ErN;M)M         
732 : TNS_NORULECHAIN/NS_NORULE
732 : RESSTATE            
732 :                     i);ri;};tfi(ti,ti){dti;dt     $;};ErN;M)E         
733 : TNS_NORULECHAIN/NS_NORULE
733 : RESSTATE            
733 :                     +i);ri;};tfi(ti,ti){dti;d     $;};ErN;M)M         
734 : M->+EM              +i);ri;};tfi(ti,ti){dti;d     $;};ErN;M)M         
734 : SAVESTATE:          10
734 :                     +i);ri;};tfi(ti,ti){dti;d     $;};ErN;M)ME+       
735 :                     i);ri;};tfi(ti,ti){dti;dt     $;};ErN;M)ME        
736 : E->i                i);ri;};tfi(ti,ti){dti;dt     $;};ErN;M)ME        
736 : SAVESTATE:          11
736 :                     i);ri;};tfi(ti,ti){dti;dt     $;};ErN;M)Mi        
737 :                     );ri;};tfi(ti,ti){dti;dt(     $;};ErN;M)M         
738 : TNS_NORULECHAIN/NS_NORULE
738 : RESSTATE            
738 :                     i);ri;};tfi(ti,ti){dti;dt     $;};ErN;M)ME        
739 : E->iM               i);ri;};tfi(ti,ti){dti;dt     $;};ErN;M)ME        
739 : SAVESTATE:          11
739 :                     i);ri;};tfi(ti,ti){dti;dt     $;};ErN;M)MMi       
740 :                     );ri;};tfi(ti,ti){dti;dt(     $;};ErN;M)MM        
741 : TNS_NORULECHAIN/NS_NORULE
741 : RESSTATE            
741 :                     i);ri;};tfi(ti,ti){dti;dt     $;};ErN;M)ME        
742 : TNS_NORULECHAIN/NS_NORULE
742 : RESSTATE            
742 :                     +i);ri;};tfi(ti,ti){dti;d     $;};ErN;M)M         
743 : TNS_NORULECHAIN/NS_NORULE
743 : RESSTATE            
743 :                     i+i);ri;};tfi(ti,ti){dti;     $;};ErN;M)E         
744 : TNS_NORULECHAIN/NS_NORULE
744 : RESSTATE            
744 :                     (i+i);ri;};tfi(ti,ti){dti     $;};ErN;ME          
745 : E->(E)M             (i+i);ri;};tfi(ti,ti){dti     $;};ErN;ME          
745 : SAVESTATE:          8
745 :                     (i+i);ri;};tfi(ti,ti){dti     $;};ErN;MM)E(       
746 :                     i+i);ri;};tfi(ti,ti){dti;     $;};ErN;MM)E        
747 : E->i                i+i);ri;};tfi(ti,ti){dti;     $;};ErN;MM)E        
747 : SAVESTATE:          9
747 :                     i+i);ri;};tfi(ti,ti){dti;     $;};ErN;MM)i        
748 :                     +i);ri;};tfi(ti,ti){dti;d     $;};ErN;MM)         
749 : TS_NOK/NS_NORULECHAIN
749 : RESSTATE            
749 :                     i+i);ri;};tfi(ti,ti){dti;     $;};ErN;MM)E        
750 : E->iM               i+i);ri;};tfi(ti,ti){dti;     $;};ErN;MM)E        
750 : SAVESTATE:          9
750 :                     i+i);ri;};tfi(ti,ti){dti;     $;};ErN;MM)Mi       
751 :                     +i);ri;};tfi(ti,ti){dti;d     $;};ErN;MM)M        
752 : M->+E               +i);ri;};tfi(ti,ti){dti;d     $;};ErN;MM)M        
752 : SAVESTATE:          10
752 :                     +i);ri;};tfi(ti,ti){dti;d     $;};ErN;MM)E+       
753 :                     i);ri;};tfi(ti,ti){dti;dt     $;};ErN;MM)E        
754 : E->i                i);ri;};tfi(ti,ti){dti;dt     $;};ErN;MM)E        
754 : SAVESTATE:          11
754 :                     i);ri;};tfi(ti,ti){dti;dt     $;};ErN;MM)i        
755 :                     );ri;};tfi(ti,ti){dti;dt(     $;};ErN;MM)         
756 :                     ;ri;};tfi(ti,ti){dti;dt(t     $;};ErN;MM          
757 : TNS_NORULECHAIN/NS_NORULE
757 : RESSTATE            
757 :                     i);ri;};tfi(ti,ti){dti;dt     $;};ErN;MM)E        
758 : E->iM               i);ri;};tfi(ti,ti){dti;dt     $;};ErN;MM)E        
758 : SAVESTATE:          11
758 :                     i);ri;};tfi(ti,ti){dti;dt     $;};ErN;MM)Mi       
759 :                     );ri;};tfi(ti,ti){dti;dt(     $;};ErN;MM)M        
760 : TNS_NORULECHAIN/NS_NORULE
760 : RESSTATE            
760 :                     i);ri;};tfi(ti,ti){dti;dt     $;};ErN;MM)E        
761 : TNS_NORULECHAIN/NS_NORULE
761 : RESSTATE            
761 :                     +i);ri;};tfi(ti,ti){dti;d     $;};ErN;MM)M        
762 : M->+EM              +i);ri;};tfi(ti,ti){dti;d     $;};ErN;MM)M        
762 : SAVESTATE:          10
762 :                     +i);ri;};tfi(ti,ti){dti;d     $;};ErN;MM)ME+      
763 :                     i);ri;};tfi(ti,ti){dti;dt     $;};ErN;MM)ME       
764 : E->i                i);ri;};tfi(ti,ti){dti;dt     $;};ErN;MM)ME       
764 : SAVESTATE:          11
764 :                     i);ri;};tfi(ti,ti){dti;dt     $;};ErN;MM)Mi       
765 :                     );ri;};tfi(ti,ti){dti;dt(     $;};ErN;MM)M        
766 : TNS_NORULECHAIN/NS_NORULE
766 : RESSTATE            
766 :                     i);ri;};tfi(ti,ti){dti;dt     $;};ErN;MM)ME       
767 : E->iM               i);ri;};tfi(ti,ti){dti;dt     $;};ErN;MM)ME       
767 : SAVESTATE:          11
767 :                     i);ri;};tfi(ti,ti){dti;dt     $;};ErN;MM)MMi      
768 :                     );ri;};tfi(ti,ti){dti;dt(     $;};ErN;MM)MM       
769 : TNS_NORULECHAIN/NS_NORULE
769 : RESSTATE            
769 :                     i);ri;};tfi(ti,ti){dti;dt     $;};ErN;MM)ME       
770 : TNS_NORULECHAIN/NS_NORULE
770 : RESSTATE            
770 :                     +i);ri;};tfi(ti,ti){dti;d     $;};ErN;MM)M        
771 : TNS_NORULECHAIN/NS_NORULE
771 : RESSTATE            
771 :                     i+i);ri;};tfi(ti,ti){dti;     $;};ErN;MM)E        
772 : TNS_NORULECHAIN/NS_NORULE
772 : RESSTATE            
772 :                     (i+i);ri;};tfi(ti,ti){dti     $;};ErN;ME          
773 : TNS_NORULECHAIN/NS_NORULE
773 : RESSTATE            
773 :                     *(i+i);ri;};tfi(ti,ti){dt     $;};ErN;M           
774 : TNS_NORULECHAIN/NS_NORULE
774 : RESSTATE            
774 :                     i*(i+i);ri;};tfi(ti,ti){d     $;};ErN;E           
775 : TNS_NORULECHAIN/NS_NORULE
775 : RESSTATE            
775 :                     i=i*(i+i);ri;};tfi(ti,ti)     $;};ErN             
776 : TNS_NORULECHAIN/NS_NORULE
776 : RESSTATE            
776 :                     dti;i=i*(i+i);ri;};tfi(ti     $;};ErN             
777 : N->dtfi(F);N        dti;i=i*(i+i);ri;};tfi(ti     $;};ErN             
777 : SAVESTATE:          4
777 :                     dti;i=i*(i+i);ri;};tfi(ti     $;};ErN;)F(iftd     
778 :                     ti;i=i*(i+i);ri;};tfi(ti,     $;};ErN;)F(ift      
779 :                     i;i=i*(i+i);ri;};tfi(ti,t     $;};ErN;)F(if       
780 : TS_NOK/NS_NORULECHAIN
780 : RESSTATE            
780 :                     dti;i=i*(i+i);ri;};tfi(ti     $;};ErN             
781 : TNS_NORULECHAIN/NS_NORULE
781 : RESSTATE            
781 :                     ti){dti;i=i*(i+i);ri;};tf     $;};ErN{)F          
782 : TNS_NORULECHAIN/NS_NORULE
782 : RESSTATE            
782 :                     ti,ti){dti;i=i*(i+i);ri;}     $;};ErN{)F          
783 : F->ti               ti,ti){dti;i=i*(i+i);ri;}     $;};ErN{)F          
783 : SAVESTATE:          2
783 :                     ti,ti){dti;i=i*(i+i);ri;}     $;};ErN{)it         
784 :                     i,ti){dti;i=i*(i+i);ri;};     $;};ErN{)i          
785 :                     ,ti){dti;i=i*(i+i);ri;};t     $;};ErN{)           
786 : TS_NOK/NS_NORULECHAIN
786 : RESSTATE            
786 :                     ti,ti){dti;i=i*(i+i);ri;}     $;};ErN{)F          
787 : TNS_NORULECHAIN/NS_NORULE
787 : RESSTATE            
787 :                     tfi(ti,ti){dti;i=i*(i+i);     $S                  
788 : TNS_NORULECHAIN/NS_NORULE
789 : ------>NS_NORULE    
------------------------------------------------------------------------------------------   ------
